running egg_info
creating ../../build/robot_urdf/robot_urdf.egg-info
writing ../../build/robot_urdf/robot_urdf.egg-info/PKG-INFO
writing dependency_links to ../../build/robot_urdf/robot_urdf.egg-info/dependency_links.txt
writing requirements to ../../build/robot_urdf/robot_urdf.egg-info/requires.txt
writing top-level names to ../../build/robot_urdf/robot_urdf.egg-info/top_level.txt
writing manifest file '../../build/robot_urdf/robot_urdf.egg-info/SOURCES.txt'
reading manifest file '../../build/robot_urdf/robot_urdf.egg-info/SOURCES.txt'
writing manifest file '../../build/robot_urdf/robot_urdf.egg-info/SOURCES.txt'
running build
running build_py
creating /home/youssef/hosbot_wp/build/robot_urdf/build
creating /home/youssef/hosbot_wp/build/robot_urdf/build/lib
creating /home/youssef/hosbot_wp/build/robot_urdf/build/lib/robot_urdf
copying robot_urdf/__init__.py -> /home/youssef/hosbot_wp/build/robot_urdf/build/lib/robot_urdf
running install
running install_lib
creating /home/youssef/hosbot_wp/install/robot_urdf/lib/python3.12/site-packages/robot_urdf
copying /home/youssef/hosbot_wp/build/robot_urdf/build/lib/robot_urdf/__init__.py -> /home/youssef/hosbot_wp/install/robot_urdf/lib/python3.12/site-packages/robot_urdf
byte-compiling /home/youssef/hosbot_wp/install/robot_urdf/lib/python3.12/site-packages/robot_urdf/__init__.py to __init__.cpython-312.pyc
running install_data
creating /home/youssef/hosbot_wp/install/robot_urdf/share/ament_index
creating /home/youssef/hosbot_wp/install/robot_urdf/share/ament_index/resource_index
creating /home/youssef/hosbot_wp/install/robot_urdf/share/ament_index/resource_index/packages
copying resource/robot_urdf -> /home/youssef/hosbot_wp/install/robot_urdf/share/ament_index/resource_index/packages
copying package.xml -> /home/youssef/hosbot_wp/install/robot_urdf/share/robot_urdf
creating /home/youssef/hosbot_wp/install/robot_urdf/share/robot_urdf/urdf
copying urdf/ultrasound_chassis_support.xacro -> /home/youssef/hosbot_wp/install/robot_urdf/share/robot_urdf/urdf
copying urdf/properties.xacro -> /home/youssef/hosbot_wp/install/robot_urdf/share/robot_urdf/urdf
copying urdf/robot.urdf -> /home/youssef/hosbot_wp/install/robot_urdf/share/robot_urdf/urdf
copying urdf/chassis.xacro -> /home/youssef/hosbot_wp/install/robot_urdf/share/robot_urdf/urdf
copying urdf/robot_base.xacro -> /home/youssef/hosbot_wp/install/robot_urdf/share/robot_urdf/urdf
copying urdf/robot.urdf.xacro -> /home/youssef/hosbot_wp/install/robot_urdf/share/robot_urdf/urdf
copying urdf/wheel.xacro -> /home/youssef/hosbot_wp/install/robot_urdf/share/robot_urdf/urdf
copying urdf/ultrasound_chassis.xacro -> /home/youssef/hosbot_wp/install/robot_urdf/share/robot_urdf/urdf
copying urdf/free_wheel.xacro -> /home/youssef/hosbot_wp/install/robot_urdf/share/robot_urdf/urdf
copying urdf/ultrasound_sensor.xacro -> /home/youssef/hosbot_wp/install/robot_urdf/share/robot_urdf/urdf
copying urdf/lidar.xacro -> /home/youssef/hosbot_wp/install/robot_urdf/share/robot_urdf/urdf
copying urdf/sheet.xacro -> /home/youssef/hosbot_wp/install/robot_urdf/share/robot_urdf/urdf
running install_egg_info
Copying ../../build/robot_urdf/robot_urdf.egg-info to /home/youssef/hosbot_wp/install/robot_urdf/lib/python3.12/site-packages/robot_urdf-0.0.0-py3.12.egg-info
running install_scripts
writing list of installed files to '/home/youssef/hosbot_wp/build/robot_urdf/install.log'
