[0.755s] Invoking command in '/home/youssef/hosbot_wp/src/robot_urdf': DEBUGINFOD_URLS=https://debuginfod.ubuntu.com PYTHONPATH=/home/youssef/hosbot_wp/build/robot_urdf/prefix_override:/usr/lib/python3/dist-packages/colcon_core/task/python/colcon_distutils_commands:/home/youssef/hosbot_wp/install/robot_urdf/lib/python3.12/site-packages:${PYTHONPATH} /usr/bin/python3 -W ignore:setup.py install is deprecated -W ignore:easy_install command is deprecated setup.py egg_info --egg-base ../../build/robot_urdf build --build-base /home/youssef/hosbot_wp/build/robot_urdf/build install --record /home/youssef/hosbot_wp/build/robot_urdf/install.log --single-version-externally-managed install_data
[1.011s] running egg_info
[1.012s] creating ../../build/robot_urdf/robot_urdf.egg-info
[1.030s] writing ../../build/robot_urdf/robot_urdf.egg-info/PKG-INFO
[1.030s] writing dependency_links to ../../build/robot_urdf/robot_urdf.egg-info/dependency_links.txt
[1.030s] writing requirements to ../../build/robot_urdf/robot_urdf.egg-info/requires.txt
[1.030s] writing top-level names to ../../build/robot_urdf/robot_urdf.egg-info/top_level.txt
[1.030s] writing manifest file '../../build/robot_urdf/robot_urdf.egg-info/SOURCES.txt'
[1.066s] reading manifest file '../../build/robot_urdf/robot_urdf.egg-info/SOURCES.txt'
[1.067s] writing manifest file '../../build/robot_urdf/robot_urdf.egg-info/SOURCES.txt'
[1.067s] running build
[1.067s] running build_py
[1.067s] creating /home/youssef/hosbot_wp/build/robot_urdf/build
[1.067s] creating /home/youssef/hosbot_wp/build/robot_urdf/build/lib
[1.067s] creating /home/youssef/hosbot_wp/build/robot_urdf/build/lib/robot_urdf
[1.067s] copying robot_urdf/__init__.py -> /home/youssef/hosbot_wp/build/robot_urdf/build/lib/robot_urdf
[1.068s] running install
[1.073s] running install_lib
[1.091s] creating /home/youssef/hosbot_wp/install/robot_urdf/lib/python3.12/site-packages/robot_urdf
[1.091s] copying /home/youssef/hosbot_wp/build/robot_urdf/build/lib/robot_urdf/__init__.py -> /home/youssef/hosbot_wp/install/robot_urdf/lib/python3.12/site-packages/robot_urdf
[1.092s] byte-compiling /home/youssef/hosbot_wp/install/robot_urdf/lib/python3.12/site-packages/robot_urdf/__init__.py to __init__.cpython-312.pyc
[1.092s] running install_data
[1.092s] creating /home/youssef/hosbot_wp/install/robot_urdf/share/ament_index
[1.092s] creating /home/youssef/hosbot_wp/install/robot_urdf/share/ament_index/resource_index
[1.092s] creating /home/youssef/hosbot_wp/install/robot_urdf/share/ament_index/resource_index/packages
[1.092s] copying resource/robot_urdf -> /home/youssef/hosbot_wp/install/robot_urdf/share/ament_index/resource_index/packages
[1.092s] copying package.xml -> /home/youssef/hosbot_wp/install/robot_urdf/share/robot_urdf
[1.093s] creating /home/youssef/hosbot_wp/install/robot_urdf/share/robot_urdf/urdf
[1.093s] copying urdf/ultrasound_chassis_support.xacro -> /home/youssef/hosbot_wp/install/robot_urdf/share/robot_urdf/urdf
[1.093s] copying urdf/properties.xacro -> /home/youssef/hosbot_wp/install/robot_urdf/share/robot_urdf/urdf
[1.093s] copying urdf/robot.urdf -> /home/youssef/hosbot_wp/install/robot_urdf/share/robot_urdf/urdf
[1.093s] copying urdf/chassis.xacro -> /home/youssef/hosbot_wp/install/robot_urdf/share/robot_urdf/urdf
[1.094s] copying urdf/robot_base.xacro -> /home/youssef/hosbot_wp/install/robot_urdf/share/robot_urdf/urdf
[1.094s] copying urdf/robot.urdf.xacro -> /home/youssef/hosbot_wp/install/robot_urdf/share/robot_urdf/urdf
[1.094s] copying urdf/wheel.xacro -> /home/youssef/hosbot_wp/install/robot_urdf/share/robot_urdf/urdf
[1.094s] copying urdf/ultrasound_chassis.xacro -> /home/youssef/hosbot_wp/install/robot_urdf/share/robot_urdf/urdf
[1.094s] copying urdf/free_wheel.xacro -> /home/youssef/hosbot_wp/install/robot_urdf/share/robot_urdf/urdf
[1.094s] copying urdf/ultrasound_sensor.xacro -> /home/youssef/hosbot_wp/install/robot_urdf/share/robot_urdf/urdf
[1.095s] copying urdf/lidar.xacro -> /home/youssef/hosbot_wp/install/robot_urdf/share/robot_urdf/urdf
[1.095s] copying urdf/sheet.xacro -> /home/youssef/hosbot_wp/install/robot_urdf/share/robot_urdf/urdf
[1.095s] running install_egg_info
[1.112s] Copying ../../build/robot_urdf/robot_urdf.egg-info to /home/youssef/hosbot_wp/install/robot_urdf/lib/python3.12/site-packages/robot_urdf-0.0.0-py3.12.egg-info
[1.113s] running install_scripts
[1.233s] writing list of installed files to '/home/youssef/hosbot_wp/build/robot_urdf/install.log'
[1.267s] Invoked command in '/home/youssef/hosbot_wp/src/robot_urdf' returned '0': DEBUGINFOD_URLS=https://debuginfod.ubuntu.com PYTHONPATH=/home/youssef/hosbot_wp/build/robot_urdf/prefix_override:/usr/lib/python3/dist-packages/colcon_core/task/python/colcon_distutils_commands:/home/youssef/hosbot_wp/install/robot_urdf/lib/python3.12/site-packages:${PYTHONPATH} /usr/bin/python3 -W ignore:setup.py install is deprecated -W ignore:easy_install command is deprecated setup.py egg_info --egg-base ../../build/robot_urdf build --build-base /home/youssef/hosbot_wp/build/robot_urdf/build install --record /home/youssef/hosbot_wp/build/robot_urdf/install.log --single-version-externally-managed install_data
