[0.090s] DEBUG:colcon:Command line arguments: ['/usr/bin/colcon', 'build']
[0.090s] DEBUG:colcon:Parsed command line arguments: Namespace(log_base=None, log_level=None, verb_name='build', build_base='build', install_base='install', merge_install=False, symlink_install=False, test_result_base=None, continue_on_error=False, executor='parallel', parallel_workers=16, event_handlers=None, ignore_user_meta=False, metas=['./colcon.meta'], base_paths=['.'], packages_ignore=None, packages_ignore_regex=None, paths=None, packages_up_to=None, packages_up_to_regex=None, packages_above=None, packages_above_and_dependencies=None, packages_above_depth=None, packages_select_by_dep=None, packages_skip_by_dep=None, packages_skip_up_to=None, packages_select_build_failed=False, packages_skip_build_finished=False, packages_select_test_failures=False, packages_skip_test_passed=False, packages_select=None, packages_skip=None, packages_select_regex=None, packages_skip_regex=None, packages_start=None, packages_end=None, allow_overriding=[], cmake_args=None, cmake_target=None, cmake_target_skip_unavailable=False, cmake_clean_cache=False, cmake_clean_first=False, cmake_force_configure=False, ament_cmake_args=None, catkin_cmake_args=None, catkin_skip_building_tests=False, mixin_files=None, mixin=None, verb_parser=<colcon_mixin.mixin.mixin_argument.MixinArgumentDecorator object at 0x702bf00b71a0>, verb_extension=<colcon_core.verb.build.BuildVerb object at 0x702bef7b1e20>, main=<bound method BuildVerb.main of <colcon_core.verb.build.BuildVerb object at 0x702bef7b1e20>>, mixin_verb=('build',))
[0.123s] Level 1:colcon.colcon_core.package_discovery:discover_packages(colcon_meta) check parameters
[0.123s] Level 1:colcon.colcon_core.package_discovery:discover_packages(recursive) check parameters
[0.123s] Level 1:colcon.colcon_core.package_discovery:discover_packages(ignore) check parameters
[0.123s] Level 1:colcon.colcon_core.package_discovery:discover_packages(path) check parameters
[0.123s] Level 1:colcon.colcon_core.package_discovery:discover_packages(colcon_meta) discover
[0.123s] Level 1:colcon.colcon_core.package_discovery:discover_packages(recursive) discover
[0.123s] INFO:colcon.colcon_core.package_discovery:Crawling recursively for packages in '/home/youssef/hosbot_wp'
[0.123s] Level 1:colcon.colcon_core.package_identification:_identify(.) by extensions ['ignore', 'ignore_ament_install']
[0.123s] Level 1:colcon.colcon_core.package_identification:_identify(.) by extension 'ignore'
[0.123s] Level 1:colcon.colcon_core.package_identification:_identify(.) by extension 'ignore_ament_install'
[0.123s] Level 1:colcon.colcon_core.package_identification:_identify(.) by extensions ['colcon_pkg']
[0.123s] Level 1:colcon.colcon_core.package_identification:_identify(.) by extension 'colcon_pkg'
[0.123s] Level 1:colcon.colcon_core.package_identification:_identify(.) by extensions ['colcon_meta']
[0.123s] Level 1:colcon.colcon_core.package_identification:_identify(.) by extension 'colcon_meta'
[0.124s] Level 1:colcon.colcon_core.package_identification:_identify(.) by extensions ['ros']
[0.124s] Level 1:colcon.colcon_core.package_identification:_identify(.) by extension 'ros'
[0.145s] Level 1:colcon.colcon_core.package_identification:_identify(.) by extensions ['cmake', 'python']
[0.145s] Level 1:colcon.colcon_core.package_identification:_identify(.) by extension 'cmake'
[0.145s] Level 1:colcon.colcon_core.package_identification:_identify(.) by extension 'python'
[0.145s] Level 1:colcon.colcon_core.package_identification:_identify(.) by extensions ['python_setup_py']
[0.145s] Level 1:colcon.colcon_core.package_identification:_identify(.) by extension 'python_setup_py'
[0.145s] Level 1:colcon.colcon_core.package_identification:_identify(build) by extensions ['ignore', 'ignore_ament_install']
[0.145s] Level 1:colcon.colcon_core.package_identification:_identify(build) by extension 'ignore'
[0.145s] Level 1:colcon.colcon_core.package_identification:_identify(build) ignored
[0.145s] Level 1:colcon.colcon_core.package_identification:_identify(install) by extensions ['ignore', 'ignore_ament_install']
[0.145s] Level 1:colcon.colcon_core.package_identification:_identify(install) by extension 'ignore'
[0.145s] Level 1:colcon.colcon_core.package_identification:_identify(install) ignored
[0.145s] Level 1:colcon.colcon_core.package_identification:_identify(log) by extensions ['ignore', 'ignore_ament_install']
[0.145s] Level 1:colcon.colcon_core.package_identification:_identify(log) by extension 'ignore'
[0.146s] Level 1:colcon.colcon_core.package_identification:_identify(log) ignored
[0.146s] Level 1:colcon.colcon_core.package_identification:_identify(src) by extensions ['ignore', 'ignore_ament_install']
[0.146s] Level 1:colcon.colcon_core.package_identification:_identify(src) by extension 'ignore'
[0.146s] Level 1:colcon.colcon_core.package_identification:_identify(src) by extension 'ignore_ament_install'
[0.146s] Level 1:colcon.colcon_core.package_identification:_identify(src) by extensions ['colcon_pkg']
[0.146s] Level 1:colcon.colcon_core.package_identification:_identify(src) by extension 'colcon_pkg'
[0.146s] Level 1:colcon.colcon_core.package_identification:_identify(src) by extensions ['colcon_meta']
[0.146s] Level 1:colcon.colcon_core.package_identification:_identify(src) by extension 'colcon_meta'
[0.146s] Level 1:colcon.colcon_core.package_identification:_identify(src) by extensions ['ros']
[0.146s] Level 1:colcon.colcon_core.package_identification:_identify(src) by extension 'ros'
[0.146s] Level 1:colcon.colcon_core.package_identification:_identify(src) by extensions ['cmake', 'python']
[0.146s] Level 1:colcon.colcon_core.package_identification:_identify(src) by extension 'cmake'
[0.146s] Level 1:colcon.colcon_core.package_identification:_identify(src) by extension 'python'
[0.146s] Level 1:colcon.colcon_core.package_identification:_identify(src) by extensions ['python_setup_py']
[0.146s] Level 1:colcon.colcon_core.package_identification:_identify(src) by extension 'python_setup_py'
[0.146s] Level 1:colcon.colcon_core.package_identification:_identify(src/build) by extensions ['ignore', 'ignore_ament_install']
[0.146s] Level 1:colcon.colcon_core.package_identification:_identify(src/build) by extension 'ignore'
[0.146s] Level 1:colcon.colcon_core.package_identification:_identify(src/build) ignored
[0.146s] Level 1:colcon.colcon_core.package_identification:_identify(src/install) by extensions ['ignore', 'ignore_ament_install']
[0.146s] Level 1:colcon.colcon_core.package_identification:_identify(src/install) by extension 'ignore'
[0.146s] Level 1:colcon.colcon_core.package_identification:_identify(src/install) ignored
[0.146s] Level 1:colcon.colcon_core.package_identification:_identify(src/launch_pack) by extensions ['ignore', 'ignore_ament_install']
[0.146s] Level 1:colcon.colcon_core.package_identification:_identify(src/launch_pack) by extension 'ignore'
[0.146s] Level 1:colcon.colcon_core.package_identification:_identify(src/launch_pack) by extension 'ignore_ament_install'
[0.146s] Level 1:colcon.colcon_core.package_identification:_identify(src/launch_pack) by extensions ['colcon_pkg']
[0.147s] Level 1:colcon.colcon_core.package_identification:_identify(src/launch_pack) by extension 'colcon_pkg'
[0.147s] Level 1:colcon.colcon_core.package_identification:_identify(src/launch_pack) by extensions ['colcon_meta']
[0.147s] Level 1:colcon.colcon_core.package_identification:_identify(src/launch_pack) by extension 'colcon_meta'
[0.147s] Level 1:colcon.colcon_core.package_identification:_identify(src/launch_pack) by extensions ['ros']
[0.147s] Level 1:colcon.colcon_core.package_identification:_identify(src/launch_pack) by extension 'ros'
[0.148s] DEBUG:colcon.colcon_core.package_identification:Package 'src/launch_pack' with type 'ros.ament_cmake' and name 'launch_pack'
[0.148s] Level 1:colcon.colcon_core.package_identification:_identify(src/ldlidar_ros2) by extensions ['ignore', 'ignore_ament_install']
[0.149s] Level 1:colcon.colcon_core.package_identification:_identify(src/ldlidar_ros2) by extension 'ignore'
[0.149s] Level 1:colcon.colcon_core.package_identification:_identify(src/ldlidar_ros2) by extension 'ignore_ament_install'
[0.149s] Level 1:colcon.colcon_core.package_identification:_identify(src/ldlidar_ros2) by extensions ['colcon_pkg']
[0.149s] Level 1:colcon.colcon_core.package_identification:_identify(src/ldlidar_ros2) by extension 'colcon_pkg'
[0.149s] Level 1:colcon.colcon_core.package_identification:_identify(src/ldlidar_ros2) by extensions ['colcon_meta']
[0.149s] Level 1:colcon.colcon_core.package_identification:_identify(src/ldlidar_ros2) by extension 'colcon_meta'
[0.149s] Level 1:colcon.colcon_core.package_identification:_identify(src/ldlidar_ros2) by extensions ['ros']
[0.149s] Level 1:colcon.colcon_core.package_identification:_identify(src/ldlidar_ros2) by extension 'ros'
[0.149s] DEBUG:colcon.colcon_core.package_identification:Package 'src/ldlidar_ros2' with type 'ros.ament_cmake' and name 'ldlidar_ros2'
[0.149s] Level 1:colcon.colcon_core.package_identification:_identify(src/log) by extensions ['ignore', 'ignore_ament_install']
[0.150s] Level 1:colcon.colcon_core.package_identification:_identify(src/log) by extension 'ignore'
[0.150s] Level 1:colcon.colcon_core.package_identification:_identify(src/log) ignored
[0.150s] Level 1:colcon.colcon_core.package_identification:_identify(src/robot_urdf) by extensions ['ignore', 'ignore_ament_install']
[0.150s] Level 1:colcon.colcon_core.package_identification:_identify(src/robot_urdf) by extension 'ignore'
[0.150s] Level 1:colcon.colcon_core.package_identification:_identify(src/robot_urdf) by extension 'ignore_ament_install'
[0.150s] Level 1:colcon.colcon_core.package_identification:_identify(src/robot_urdf) by extensions ['colcon_pkg']
[0.150s] Level 1:colcon.colcon_core.package_identification:_identify(src/robot_urdf) by extension 'colcon_pkg'
[0.150s] Level 1:colcon.colcon_core.package_identification:_identify(src/robot_urdf) by extensions ['colcon_meta']
[0.150s] Level 1:colcon.colcon_core.package_identification:_identify(src/robot_urdf) by extension 'colcon_meta'
[0.150s] Level 1:colcon.colcon_core.package_identification:_identify(src/robot_urdf) by extensions ['ros']
[0.150s] Level 1:colcon.colcon_core.package_identification:_identify(src/robot_urdf) by extension 'ros'
[0.150s] DEBUG:colcon.colcon_core.package_identification:Package 'src/robot_urdf' with type 'ros.ament_python' and name 'robot_urdf'
[0.150s] Level 1:colcon.colcon_core.package_discovery:discover_packages(recursive) using defaults
[0.150s] Level 1:colcon.colcon_core.package_discovery:discover_packages(ignore) discover
[0.150s] Level 1:colcon.colcon_core.package_discovery:discover_packages(ignore) using defaults
[0.150s] Level 1:colcon.colcon_core.package_discovery:discover_packages(path) discover
[0.150s] Level 1:colcon.colcon_core.package_discovery:discover_packages(path) using defaults
[0.165s] Level 1:colcon.colcon_core.package_discovery:discover_packages(prefix_path) check parameters
[0.165s] Level 1:colcon.colcon_core.package_discovery:discover_packages(prefix_path) discover
[0.165s] WARNING:colcon.colcon_ros.prefix_path.ament:The path '/home/youssef/hosbot_wp/install/robot_urdf' in the environment variable AMENT_PREFIX_PATH doesn't exist
[0.166s] WARNING:colcon.colcon_ros.prefix_path.ament:The path '/home/youssef/hosbot_wp/install/launch_pack' in the environment variable AMENT_PREFIX_PATH doesn't exist
[0.166s] WARNING:colcon.colcon_ros.prefix_path.catkin:The path '/home/youssef/hosbot_wp/install/launch_pack' in the environment variable CMAKE_PREFIX_PATH doesn't exist
[0.166s] DEBUG:colcon.colcon_installed_package_information.package_discovery:Found 0 installed packages in /home/youssef/hosbot_wp/install
[0.167s] DEBUG:colcon.colcon_installed_package_information.package_discovery:Found 3 installed packages in /home/youssef/ros2_wp/install
[0.168s] DEBUG:colcon.colcon_installed_package_information.package_discovery:Found 323 installed packages in /opt/ros/jazzy
[0.169s] Level 1:colcon.colcon_core.package_discovery:discover_packages(prefix_path) using defaults
[0.208s] Level 5:colcon.colcon_core.verb:set package 'launch_pack' build argument 'cmake_args' from command line to 'None'
[0.208s] Level 5:colcon.colcon_core.verb:set package 'launch_pack' build argument 'cmake_target' from command line to 'None'
[0.208s] Level 5:colcon.colcon_core.verb:set package 'launch_pack' build argument 'cmake_target_skip_unavailable' from command line to 'False'
[0.208s] Level 5:colcon.colcon_core.verb:set package 'launch_pack' build argument 'cmake_clean_cache' from command line to 'False'
[0.208s] Level 5:colcon.colcon_core.verb:set package 'launch_pack' build argument 'cmake_clean_first' from command line to 'False'
[0.208s] Level 5:colcon.colcon_core.verb:set package 'launch_pack' build argument 'cmake_force_configure' from command line to 'False'
[0.208s] Level 5:colcon.colcon_core.verb:set package 'launch_pack' build argument 'ament_cmake_args' from command line to 'None'
[0.208s] Level 5:colcon.colcon_core.verb:set package 'launch_pack' build argument 'catkin_cmake_args' from command line to 'None'
[0.208s] Level 5:colcon.colcon_core.verb:set package 'launch_pack' build argument 'catkin_skip_building_tests' from command line to 'False'
[0.208s] DEBUG:colcon.colcon_core.verb:Building package 'launch_pack' with the following arguments: {'ament_cmake_args': None, 'build_base': '/home/youssef/hosbot_wp/build/launch_pack', 'catkin_cmake_args': None, 'catkin_skip_building_tests': False, 'cmake_args': None, 'cmake_clean_cache': False, 'cmake_clean_first': False, 'cmake_force_configure': False, 'cmake_target': None, 'cmake_target_skip_unavailable': False, 'install_base': '/home/youssef/hosbot_wp/install/launch_pack', 'merge_install': False, 'path': '/home/youssef/hosbot_wp/src/launch_pack', 'symlink_install': False, 'test_result_base': None}
[0.208s] Level 5:colcon.colcon_core.verb:set package 'ldlidar_ros2' build argument 'cmake_args' from command line to 'None'
[0.208s] Level 5:colcon.colcon_core.verb:set package 'ldlidar_ros2' build argument 'cmake_target' from command line to 'None'
[0.208s] Level 5:colcon.colcon_core.verb:set package 'ldlidar_ros2' build argument 'cmake_target_skip_unavailable' from command line to 'False'
[0.208s] Level 5:colcon.colcon_core.verb:set package 'ldlidar_ros2' build argument 'cmake_clean_cache' from command line to 'False'
[0.208s] Level 5:colcon.colcon_core.verb:set package 'ldlidar_ros2' build argument 'cmake_clean_first' from command line to 'False'
[0.208s] Level 5:colcon.colcon_core.verb:set package 'ldlidar_ros2' build argument 'cmake_force_configure' from command line to 'False'
[0.208s] Level 5:colcon.colcon_core.verb:set package 'ldlidar_ros2' build argument 'ament_cmake_args' from command line to 'None'
[0.208s] Level 5:colcon.colcon_core.verb:set package 'ldlidar_ros2' build argument 'catkin_cmake_args' from command line to 'None'
[0.208s] Level 5:colcon.colcon_core.verb:set package 'ldlidar_ros2' build argument 'catkin_skip_building_tests' from command line to 'False'
[0.208s] DEBUG:colcon.colcon_core.verb:Building package 'ldlidar_ros2' with the following arguments: {'ament_cmake_args': None, 'build_base': '/home/youssef/hosbot_wp/build/ldlidar_ros2', 'catkin_cmake_args': None, 'catkin_skip_building_tests': False, 'cmake_args': None, 'cmake_clean_cache': False, 'cmake_clean_first': False, 'cmake_force_configure': False, 'cmake_target': None, 'cmake_target_skip_unavailable': False, 'install_base': '/home/youssef/hosbot_wp/install/ldlidar_ros2', 'merge_install': False, 'path': '/home/youssef/hosbot_wp/src/ldlidar_ros2', 'symlink_install': False, 'test_result_base': None}
[0.208s] Level 5:colcon.colcon_core.verb:set package 'robot_urdf' build argument 'cmake_args' from command line to 'None'
[0.208s] Level 5:colcon.colcon_core.verb:set package 'robot_urdf' build argument 'cmake_target' from command line to 'None'
[0.208s] Level 5:colcon.colcon_core.verb:set package 'robot_urdf' build argument 'cmake_target_skip_unavailable' from command line to 'False'
[0.208s] Level 5:colcon.colcon_core.verb:set package 'robot_urdf' build argument 'cmake_clean_cache' from command line to 'False'
[0.208s] Level 5:colcon.colcon_core.verb:set package 'robot_urdf' build argument 'cmake_clean_first' from command line to 'False'
[0.208s] Level 5:colcon.colcon_core.verb:set package 'robot_urdf' build argument 'cmake_force_configure' from command line to 'False'
[0.208s] Level 5:colcon.colcon_core.verb:set package 'robot_urdf' build argument 'ament_cmake_args' from command line to 'None'
[0.209s] Level 5:colcon.colcon_core.verb:set package 'robot_urdf' build argument 'catkin_cmake_args' from command line to 'None'
[0.209s] Level 5:colcon.colcon_core.verb:set package 'robot_urdf' build argument 'catkin_skip_building_tests' from command line to 'False'
[0.209s] DEBUG:colcon.colcon_core.verb:Building package 'robot_urdf' with the following arguments: {'ament_cmake_args': None, 'build_base': '/home/youssef/hosbot_wp/build/robot_urdf', 'catkin_cmake_args': None, 'catkin_skip_building_tests': False, 'cmake_args': None, 'cmake_clean_cache': False, 'cmake_clean_first': False, 'cmake_force_configure': False, 'cmake_target': None, 'cmake_target_skip_unavailable': False, 'install_base': '/home/youssef/hosbot_wp/install/robot_urdf', 'merge_install': False, 'path': '/home/youssef/hosbot_wp/src/robot_urdf', 'symlink_install': False, 'test_result_base': None}
[0.209s] INFO:colcon.colcon_core.executor:Executing jobs using 'parallel' executor
[0.210s] DEBUG:colcon.colcon_parallel_executor.executor.parallel:run_until_complete
[0.210s] INFO:colcon.colcon_ros.task.ament_cmake.build:Building ROS package in '/home/youssef/hosbot_wp/src/launch_pack' with build type 'ament_cmake'
[0.210s] INFO:colcon.colcon_cmake.task.cmake.build:Building CMake package in '/home/youssef/hosbot_wp/src/launch_pack'
[0.212s] INFO:colcon.colcon_core.plugin_system:Skipping extension 'colcon_core.shell.bat': Not used on non-Windows systems
[0.212s] INFO:colcon.colcon_core.shell:Skip shell extension 'powershell' for command environment: Not usable outside of PowerShell
[0.212s] DEBUG:colcon.colcon_core.shell:Skip shell extension 'dsv' for command environment
[0.215s] INFO:colcon.colcon_ros.task.ament_cmake.build:Building ROS package in '/home/youssef/hosbot_wp/src/ldlidar_ros2' with build type 'ament_cmake'
[0.215s] INFO:colcon.colcon_cmake.task.cmake.build:Building CMake package in '/home/youssef/hosbot_wp/src/ldlidar_ros2'
[0.215s] INFO:colcon.colcon_core.shell:Skip shell extension 'powershell' for command environment: Not usable outside of PowerShell
[0.215s] DEBUG:colcon.colcon_core.shell:Skip shell extension 'dsv' for command environment
[0.219s] INFO:colcon.colcon_ros.task.ament_python.build:Building ROS package in '/home/youssef/hosbot_wp/src/robot_urdf' with build type 'ament_python'
[0.219s] Level 1:colcon.colcon_core.shell:create_environment_hook('robot_urdf', 'ament_prefix_path')
[0.219s] INFO:colcon.colcon_core.shell:Creating environment hook '/home/youssef/hosbot_wp/install/robot_urdf/share/robot_urdf/hook/ament_prefix_path.ps1'
[0.220s] INFO:colcon.colcon_core.shell:Creating environment descriptor '/home/youssef/hosbot_wp/install/robot_urdf/share/robot_urdf/hook/ament_prefix_path.dsv'
[0.220s] INFO:colcon.colcon_core.shell:Creating environment hook '/home/youssef/hosbot_wp/install/robot_urdf/share/robot_urdf/hook/ament_prefix_path.sh'
[0.221s] INFO:colcon.colcon_core.shell:Skip shell extension 'powershell' for command environment: Not usable outside of PowerShell
[0.221s] DEBUG:colcon.colcon_core.shell:Skip shell extension 'dsv' for command environment
[0.228s] DEBUG:colcon.colcon_core.event_handler.log_command:Invoking command in '/home/youssef/hosbot_wp/build/launch_pack': CMAKE_PREFIX_PATH=${CMAKE_PREFIX_PATH}:/home/youssef/hosbot_wp/install/robot_urdf:/home/youssef/ros2_wp/install/test_pkg:/opt/ros/jazzy DEBUGINFOD_URLS=https://debuginfod.ubuntu.com /usr/bin/cmake /home/youssef/hosbot_wp/src/launch_pack -DCMAKE_INSTALL_PREFIX=/home/youssef/hosbot_wp/install/launch_pack
[0.230s] DEBUG:colcon.colcon_core.event_handler.log_command:Invoking command in '/home/youssef/hosbot_wp/build/ldlidar_ros2': CMAKE_PREFIX_PATH=${CMAKE_PREFIX_PATH}:/home/youssef/hosbot_wp/install/robot_urdf:/home/youssef/ros2_wp/install/test_pkg:/opt/ros/jazzy DEBUGINFOD_URLS=https://debuginfod.ubuntu.com /usr/bin/cmake /home/youssef/hosbot_wp/src/ldlidar_ros2 -DCMAKE_INSTALL_PREFIX=/home/youssef/hosbot_wp/install/ldlidar_ros2
[0.430s] INFO:colcon.colcon_core.task.python.build:Building Python package in '/home/youssef/hosbot_wp/src/robot_urdf'
[0.430s] INFO:colcon.colcon_core.shell:Skip shell extension 'powershell' for command environment: Not usable outside of PowerShell
[0.431s] DEBUG:colcon.colcon_core.shell:Skip shell extension 'dsv' for command environment
[0.975s] DEBUG:colcon.colcon_core.event_handler.log_command:Invoking command in '/home/youssef/hosbot_wp/src/robot_urdf': DEBUGINFOD_URLS=https://debuginfod.ubuntu.com PYTHONPATH=/home/youssef/hosbot_wp/build/robot_urdf/prefix_override:/usr/lib/python3/dist-packages/colcon_core/task/python/colcon_distutils_commands:/home/youssef/hosbot_wp/install/robot_urdf/lib/python3.12/site-packages:${PYTHONPATH} /usr/bin/python3 -W ignore:setup.py install is deprecated -W ignore:easy_install command is deprecated setup.py egg_info --egg-base ../../build/robot_urdf build --build-base /home/youssef/hosbot_wp/build/robot_urdf/build install --record /home/youssef/hosbot_wp/build/robot_urdf/install.log --single-version-externally-managed install_data
[1.086s] DEBUG:colcon.colcon_core.event_handler.log_command:Invoked command in '/home/youssef/hosbot_wp/build/launch_pack' returned '0': CMAKE_PREFIX_PATH=${CMAKE_PREFIX_PATH}:/home/youssef/hosbot_wp/install/robot_urdf:/home/youssef/ros2_wp/install/test_pkg:/opt/ros/jazzy DEBUGINFOD_URLS=https://debuginfod.ubuntu.com /usr/bin/cmake /home/youssef/hosbot_wp/src/launch_pack -DCMAKE_INSTALL_PREFIX=/home/youssef/hosbot_wp/install/launch_pack
[1.086s] DEBUG:colcon.colcon_core.event_handler.log_command:Invoking command in '/home/youssef/hosbot_wp/build/launch_pack': CMAKE_PREFIX_PATH=${CMAKE_PREFIX_PATH}:/home/youssef/hosbot_wp/install/robot_urdf:/home/youssef/ros2_wp/install/test_pkg:/opt/ros/jazzy DEBUGINFOD_URLS=https://debuginfod.ubuntu.com /usr/bin/cmake --build /home/youssef/hosbot_wp/build/launch_pack -- -j16 -l16
[1.162s] DEBUG:colcon.colcon_core.event_handler.log_command:Invoked command in '/home/youssef/hosbot_wp/build/launch_pack' returned '0': CMAKE_PREFIX_PATH=${CMAKE_PREFIX_PATH}:/home/youssef/hosbot_wp/install/robot_urdf:/home/youssef/ros2_wp/install/test_pkg:/opt/ros/jazzy DEBUGINFOD_URLS=https://debuginfod.ubuntu.com /usr/bin/cmake --build /home/youssef/hosbot_wp/build/launch_pack -- -j16 -l16
[1.181s] DEBUG:colcon.colcon_core.event_handler.log_command:Invoking command in '/home/youssef/hosbot_wp/build/launch_pack': CMAKE_PREFIX_PATH=${CMAKE_PREFIX_PATH}:/home/youssef/hosbot_wp/install/robot_urdf:/home/youssef/ros2_wp/install/test_pkg:/opt/ros/jazzy DEBUGINFOD_URLS=https://debuginfod.ubuntu.com /usr/bin/cmake --install /home/youssef/hosbot_wp/build/launch_pack
[1.195s] Level 1:colcon.colcon_core.environment:create_environment_scripts_only(launch_pack)
[1.195s] DEBUG:colcon.colcon_core.event_handler.log_command:Invoked command in '/home/youssef/hosbot_wp/build/launch_pack' returned '0': CMAKE_PREFIX_PATH=${CMAKE_PREFIX_PATH}:/home/youssef/hosbot_wp/install/robot_urdf:/home/youssef/ros2_wp/install/test_pkg:/opt/ros/jazzy DEBUGINFOD_URLS=https://debuginfod.ubuntu.com /usr/bin/cmake --install /home/youssef/hosbot_wp/build/launch_pack
[1.199s] Level 1:colcon.colcon_core.environment:checking '/home/youssef/hosbot_wp/install/launch_pack' for CMake module files
[1.199s] Level 1:colcon.colcon_core.environment:checking '/home/youssef/hosbot_wp/install/launch_pack' for CMake config files
[1.200s] Level 1:colcon.colcon_core.shell:create_environment_hook('launch_pack', 'cmake_prefix_path')
[1.200s] INFO:colcon.colcon_core.shell:Creating environment hook '/home/youssef/hosbot_wp/install/launch_pack/share/launch_pack/hook/cmake_prefix_path.ps1'
[1.201s] INFO:colcon.colcon_core.shell:Creating environment descriptor '/home/youssef/hosbot_wp/install/launch_pack/share/launch_pack/hook/cmake_prefix_path.dsv'
[1.201s] INFO:colcon.colcon_core.shell:Creating environment hook '/home/youssef/hosbot_wp/install/launch_pack/share/launch_pack/hook/cmake_prefix_path.sh'
[1.202s] Level 1:colcon.colcon_core.environment:checking '/home/youssef/hosbot_wp/install/launch_pack/bin'
[1.202s] Level 1:colcon.colcon_core.environment:checking '/home/youssef/hosbot_wp/install/launch_pack/lib/pkgconfig/launch_pack.pc'
[1.203s] Level 1:colcon.colcon_core.environment:checking '/home/youssef/hosbot_wp/install/launch_pack/lib/python3.12/site-packages'
[1.203s] Level 1:colcon.colcon_core.environment:checking '/home/youssef/hosbot_wp/install/launch_pack/bin'
[1.204s] INFO:colcon.colcon_core.shell:Creating package script '/home/youssef/hosbot_wp/install/launch_pack/share/launch_pack/package.ps1'
[1.205s] INFO:colcon.colcon_core.shell:Creating package descriptor '/home/youssef/hosbot_wp/install/launch_pack/share/launch_pack/package.dsv'
[1.205s] INFO:colcon.colcon_core.shell:Creating package script '/home/youssef/hosbot_wp/install/launch_pack/share/launch_pack/package.sh'
[1.206s] INFO:colcon.colcon_core.shell:Creating package script '/home/youssef/hosbot_wp/install/launch_pack/share/launch_pack/package.bash'
[1.207s] INFO:colcon.colcon_core.shell:Creating package script '/home/youssef/hosbot_wp/install/launch_pack/share/launch_pack/package.zsh'
[1.208s] Level 1:colcon.colcon_core.environment:create_file_with_runtime_dependencies(/home/youssef/hosbot_wp/install/launch_pack/share/colcon-core/packages/launch_pack)
[1.209s] Level 1:colcon.colcon_core.environment:create_environment_scripts_only(launch_pack)
[1.210s] Level 1:colcon.colcon_core.environment:checking '/home/youssef/hosbot_wp/install/launch_pack' for CMake module files
[1.211s] Level 1:colcon.colcon_core.environment:checking '/home/youssef/hosbot_wp/install/launch_pack' for CMake config files
[1.211s] Level 1:colcon.colcon_core.shell:create_environment_hook('launch_pack', 'cmake_prefix_path')
[1.211s] INFO:colcon.colcon_core.shell:Creating environment hook '/home/youssef/hosbot_wp/install/launch_pack/share/launch_pack/hook/cmake_prefix_path.ps1'
[1.212s] INFO:colcon.colcon_core.shell:Creating environment descriptor '/home/youssef/hosbot_wp/install/launch_pack/share/launch_pack/hook/cmake_prefix_path.dsv'
[1.213s] INFO:colcon.colcon_core.shell:Creating environment hook '/home/youssef/hosbot_wp/install/launch_pack/share/launch_pack/hook/cmake_prefix_path.sh'
[1.214s] Level 1:colcon.colcon_core.environment:checking '/home/youssef/hosbot_wp/install/launch_pack/bin'
[1.214s] Level 1:colcon.colcon_core.environment:checking '/home/youssef/hosbot_wp/install/launch_pack/lib/pkgconfig/launch_pack.pc'
[1.214s] Level 1:colcon.colcon_core.environment:checking '/home/youssef/hosbot_wp/install/launch_pack/lib/python3.12/site-packages'
[1.215s] Level 1:colcon.colcon_core.environment:checking '/home/youssef/hosbot_wp/install/launch_pack/bin'
[1.215s] INFO:colcon.colcon_core.shell:Creating package script '/home/youssef/hosbot_wp/install/launch_pack/share/launch_pack/package.ps1'
[1.216s] INFO:colcon.colcon_core.shell:Creating package descriptor '/home/youssef/hosbot_wp/install/launch_pack/share/launch_pack/package.dsv'
[1.217s] INFO:colcon.colcon_core.shell:Creating package script '/home/youssef/hosbot_wp/install/launch_pack/share/launch_pack/package.sh'
[1.217s] INFO:colcon.colcon_core.shell:Creating package script '/home/youssef/hosbot_wp/install/launch_pack/share/launch_pack/package.bash'
[1.218s] INFO:colcon.colcon_core.shell:Creating package script '/home/youssef/hosbot_wp/install/launch_pack/share/launch_pack/package.zsh'
[1.219s] Level 1:colcon.colcon_core.environment:create_file_with_runtime_dependencies(/home/youssef/hosbot_wp/install/launch_pack/share/colcon-core/packages/launch_pack)
[1.486s] Level 1:colcon.colcon_core.environment:checking '/home/youssef/hosbot_wp/install/robot_urdf' for CMake module files
[1.486s] DEBUG:colcon.colcon_core.event_handler.log_command:Invoked command in '/home/youssef/hosbot_wp/src/robot_urdf' returned '0': DEBUGINFOD_URLS=https://debuginfod.ubuntu.com PYTHONPATH=/home/youssef/hosbot_wp/build/robot_urdf/prefix_override:/usr/lib/python3/dist-packages/colcon_core/task/python/colcon_distutils_commands:/home/youssef/hosbot_wp/install/robot_urdf/lib/python3.12/site-packages:${PYTHONPATH} /usr/bin/python3 -W ignore:setup.py install is deprecated -W ignore:easy_install command is deprecated setup.py egg_info --egg-base ../../build/robot_urdf build --build-base /home/youssef/hosbot_wp/build/robot_urdf/build install --record /home/youssef/hosbot_wp/build/robot_urdf/install.log --single-version-externally-managed install_data
[1.487s] Level 1:colcon.colcon_core.environment:checking '/home/youssef/hosbot_wp/install/robot_urdf' for CMake config files
[1.488s] Level 1:colcon.colcon_core.environment:checking '/home/youssef/hosbot_wp/install/robot_urdf/lib'
[1.488s] Level 1:colcon.colcon_core.environment:checking '/home/youssef/hosbot_wp/install/robot_urdf/bin'
[1.488s] Level 1:colcon.colcon_core.environment:checking '/home/youssef/hosbot_wp/install/robot_urdf/lib/pkgconfig/robot_urdf.pc'
[1.488s] Level 1:colcon.colcon_core.environment:checking '/home/youssef/hosbot_wp/install/robot_urdf/lib/python3.12/site-packages'
[1.489s] Level 1:colcon.colcon_core.shell:create_environment_hook('robot_urdf', 'pythonpath')
[1.489s] INFO:colcon.colcon_core.shell:Creating environment hook '/home/youssef/hosbot_wp/install/robot_urdf/share/robot_urdf/hook/pythonpath.ps1'
[1.490s] INFO:colcon.colcon_core.shell:Creating environment descriptor '/home/youssef/hosbot_wp/install/robot_urdf/share/robot_urdf/hook/pythonpath.dsv'
[1.490s] INFO:colcon.colcon_core.shell:Creating environment hook '/home/youssef/hosbot_wp/install/robot_urdf/share/robot_urdf/hook/pythonpath.sh'
[1.491s] Level 1:colcon.colcon_core.environment:checking '/home/youssef/hosbot_wp/install/robot_urdf/bin'
[1.491s] Level 1:colcon.colcon_core.environment:create_environment_scripts_only(robot_urdf)
[1.492s] INFO:colcon.colcon_core.shell:Creating package script '/home/youssef/hosbot_wp/install/robot_urdf/share/robot_urdf/package.ps1'
[1.492s] INFO:colcon.colcon_core.shell:Creating package descriptor '/home/youssef/hosbot_wp/install/robot_urdf/share/robot_urdf/package.dsv'
[1.493s] INFO:colcon.colcon_core.shell:Creating package script '/home/youssef/hosbot_wp/install/robot_urdf/share/robot_urdf/package.sh'
[1.494s] INFO:colcon.colcon_core.shell:Creating package script '/home/youssef/hosbot_wp/install/robot_urdf/share/robot_urdf/package.bash'
[1.494s] INFO:colcon.colcon_core.shell:Creating package script '/home/youssef/hosbot_wp/install/robot_urdf/share/robot_urdf/package.zsh'
[1.494s] Level 1:colcon.colcon_core.environment:create_file_with_runtime_dependencies(/home/youssef/hosbot_wp/install/robot_urdf/share/colcon-core/packages/robot_urdf)
[1.920s] DEBUG:colcon.colcon_core.event_handler.log_command:Invoked command in '/home/youssef/hosbot_wp/build/ldlidar_ros2' returned '0': CMAKE_PREFIX_PATH=${CMAKE_PREFIX_PATH}:/home/youssef/hosbot_wp/install/robot_urdf:/home/youssef/ros2_wp/install/test_pkg:/opt/ros/jazzy DEBUGINFOD_URLS=https://debuginfod.ubuntu.com /usr/bin/cmake /home/youssef/hosbot_wp/src/ldlidar_ros2 -DCMAKE_INSTALL_PREFIX=/home/youssef/hosbot_wp/install/ldlidar_ros2
[1.921s] DEBUG:colcon.colcon_core.event_handler.log_command:Invoking command in '/home/youssef/hosbot_wp/build/ldlidar_ros2': CMAKE_PREFIX_PATH=${CMAKE_PREFIX_PATH}:/home/youssef/hosbot_wp/install/robot_urdf:/home/youssef/ros2_wp/install/test_pkg:/opt/ros/jazzy DEBUGINFOD_URLS=https://debuginfod.ubuntu.com /usr/bin/cmake --build /home/youssef/hosbot_wp/build/ldlidar_ros2 -- -j16 -l16
[9.106s] DEBUG:colcon.colcon_core.event_handler.log_command:Invoked command in '/home/youssef/hosbot_wp/build/ldlidar_ros2' returned '0': CMAKE_PREFIX_PATH=${CMAKE_PREFIX_PATH}:/home/youssef/hosbot_wp/install/robot_urdf:/home/youssef/ros2_wp/install/test_pkg:/opt/ros/jazzy DEBUGINFOD_URLS=https://debuginfod.ubuntu.com /usr/bin/cmake --build /home/youssef/hosbot_wp/build/ldlidar_ros2 -- -j16 -l16
[9.107s] DEBUG:colcon.colcon_core.event_handler.log_command:Invoking command in '/home/youssef/hosbot_wp/build/ldlidar_ros2': CMAKE_PREFIX_PATH=${CMAKE_PREFIX_PATH}:/home/youssef/hosbot_wp/install/robot_urdf:/home/youssef/ros2_wp/install/test_pkg:/opt/ros/jazzy DEBUGINFOD_URLS=https://debuginfod.ubuntu.com /usr/bin/cmake --install /home/youssef/hosbot_wp/build/ldlidar_ros2
[9.134s] Level 1:colcon.colcon_core.environment:create_environment_scripts_only(ldlidar_ros2)
[9.135s] DEBUG:colcon.colcon_core.event_handler.log_command:Invoked command in '/home/youssef/hosbot_wp/build/ldlidar_ros2' returned '0': CMAKE_PREFIX_PATH=${CMAKE_PREFIX_PATH}:/home/youssef/hosbot_wp/install/robot_urdf:/home/youssef/ros2_wp/install/test_pkg:/opt/ros/jazzy DEBUGINFOD_URLS=https://debuginfod.ubuntu.com /usr/bin/cmake --install /home/youssef/hosbot_wp/build/ldlidar_ros2
[9.135s] Level 1:colcon.colcon_core.environment:checking '/home/youssef/hosbot_wp/install/ldlidar_ros2' for CMake module files
[9.136s] Level 1:colcon.colcon_core.environment:checking '/home/youssef/hosbot_wp/install/ldlidar_ros2' for CMake config files
[9.136s] Level 1:colcon.colcon_core.shell:create_environment_hook('ldlidar_ros2', 'cmake_prefix_path')
[9.136s] INFO:colcon.colcon_core.shell:Creating environment hook '/home/youssef/hosbot_wp/install/ldlidar_ros2/share/ldlidar_ros2/hook/cmake_prefix_path.ps1'
[9.137s] INFO:colcon.colcon_core.shell:Creating environment descriptor '/home/youssef/hosbot_wp/install/ldlidar_ros2/share/ldlidar_ros2/hook/cmake_prefix_path.dsv'
[9.137s] INFO:colcon.colcon_core.shell:Creating environment hook '/home/youssef/hosbot_wp/install/ldlidar_ros2/share/ldlidar_ros2/hook/cmake_prefix_path.sh'
[9.138s] Level 1:colcon.colcon_core.environment:checking '/home/youssef/hosbot_wp/install/ldlidar_ros2/lib'
[9.139s] Level 1:colcon.colcon_core.environment:checking '/home/youssef/hosbot_wp/install/ldlidar_ros2/bin'
[9.139s] Level 1:colcon.colcon_core.environment:checking '/home/youssef/hosbot_wp/install/ldlidar_ros2/lib/pkgconfig/ldlidar_ros2.pc'
[9.139s] Level 1:colcon.colcon_core.environment:checking '/home/youssef/hosbot_wp/install/ldlidar_ros2/lib/python3.12/site-packages'
[9.140s] Level 1:colcon.colcon_core.environment:checking '/home/youssef/hosbot_wp/install/ldlidar_ros2/bin'
[9.140s] INFO:colcon.colcon_core.shell:Creating package script '/home/youssef/hosbot_wp/install/ldlidar_ros2/share/ldlidar_ros2/package.ps1'
[9.141s] INFO:colcon.colcon_core.shell:Creating package descriptor '/home/youssef/hosbot_wp/install/ldlidar_ros2/share/ldlidar_ros2/package.dsv'
[9.142s] INFO:colcon.colcon_core.shell:Creating package script '/home/youssef/hosbot_wp/install/ldlidar_ros2/share/ldlidar_ros2/package.sh'
[9.142s] INFO:colcon.colcon_core.shell:Creating package script '/home/youssef/hosbot_wp/install/ldlidar_ros2/share/ldlidar_ros2/package.bash'
[9.143s] INFO:colcon.colcon_core.shell:Creating package script '/home/youssef/hosbot_wp/install/ldlidar_ros2/share/ldlidar_ros2/package.zsh'
[9.143s] Level 1:colcon.colcon_core.environment:create_file_with_runtime_dependencies(/home/youssef/hosbot_wp/install/ldlidar_ros2/share/colcon-core/packages/ldlidar_ros2)
[9.144s] Level 1:colcon.colcon_core.environment:create_environment_scripts_only(ldlidar_ros2)
[9.144s] Level 1:colcon.colcon_core.environment:checking '/home/youssef/hosbot_wp/install/ldlidar_ros2' for CMake module files
[9.145s] Level 1:colcon.colcon_core.environment:checking '/home/youssef/hosbot_wp/install/ldlidar_ros2' for CMake config files
[9.146s] Level 1:colcon.colcon_core.shell:create_environment_hook('ldlidar_ros2', 'cmake_prefix_path')
[9.146s] INFO:colcon.colcon_core.shell:Creating environment hook '/home/youssef/hosbot_wp/install/ldlidar_ros2/share/ldlidar_ros2/hook/cmake_prefix_path.ps1'
[9.146s] INFO:colcon.colcon_core.shell:Creating environment descriptor '/home/youssef/hosbot_wp/install/ldlidar_ros2/share/ldlidar_ros2/hook/cmake_prefix_path.dsv'
[9.147s] INFO:colcon.colcon_core.shell:Creating environment hook '/home/youssef/hosbot_wp/install/ldlidar_ros2/share/ldlidar_ros2/hook/cmake_prefix_path.sh'
[9.148s] Level 1:colcon.colcon_core.environment:checking '/home/youssef/hosbot_wp/install/ldlidar_ros2/lib'
[9.148s] Level 1:colcon.colcon_core.environment:checking '/home/youssef/hosbot_wp/install/ldlidar_ros2/bin'
[9.148s] Level 1:colcon.colcon_core.environment:checking '/home/youssef/hosbot_wp/install/ldlidar_ros2/lib/pkgconfig/ldlidar_ros2.pc'
[9.149s] Level 1:colcon.colcon_core.environment:checking '/home/youssef/hosbot_wp/install/ldlidar_ros2/lib/python3.12/site-packages'
[9.149s] Level 1:colcon.colcon_core.environment:checking '/home/youssef/hosbot_wp/install/ldlidar_ros2/bin'
[9.150s] INFO:colcon.colcon_core.shell:Creating package script '/home/youssef/hosbot_wp/install/ldlidar_ros2/share/ldlidar_ros2/package.ps1'
[9.150s] INFO:colcon.colcon_core.shell:Creating package descriptor '/home/youssef/hosbot_wp/install/ldlidar_ros2/share/ldlidar_ros2/package.dsv'
[9.151s] INFO:colcon.colcon_core.shell:Creating package script '/home/youssef/hosbot_wp/install/ldlidar_ros2/share/ldlidar_ros2/package.sh'
[9.152s] INFO:colcon.colcon_core.shell:Creating package script '/home/youssef/hosbot_wp/install/ldlidar_ros2/share/ldlidar_ros2/package.bash'
[9.153s] INFO:colcon.colcon_core.shell:Creating package script '/home/youssef/hosbot_wp/install/ldlidar_ros2/share/ldlidar_ros2/package.zsh'
[9.153s] Level 1:colcon.colcon_core.environment:create_file_with_runtime_dependencies(/home/youssef/hosbot_wp/install/ldlidar_ros2/share/colcon-core/packages/ldlidar_ros2)
[9.154s] DEBUG:colcon.colcon_parallel_executor.executor.parallel:closing loop
[9.154s] DEBUG:colcon.colcon_parallel_executor.executor.parallel:loop closed
[9.155s] DEBUG:colcon.colcon_parallel_executor.executor.parallel:run_until_complete finished with '0'
[9.155s] DEBUG:colcon.colcon_core.event_reactor:joining thread
[9.162s] INFO:colcon.colcon_core.plugin_system:Skipping extension 'colcon_notification.desktop_notification.terminal_notifier': Not used on non-Darwin systems
[9.162s] INFO:colcon.colcon_core.plugin_system:Skipping extension 'colcon_notification.desktop_notification.win32': Not used on non-Windows systems
[9.162s] INFO:colcon.colcon_notification.desktop_notification:Sending desktop notification using 'notify2'
[9.191s] DEBUG:colcon.colcon_core.event_reactor:joined thread
[9.191s] INFO:colcon.colcon_core.shell:Creating prefix script '/home/youssef/hosbot_wp/install/local_setup.ps1'
[9.193s] INFO:colcon.colcon_core.shell:Creating prefix util module '/home/youssef/hosbot_wp/install/_local_setup_util_ps1.py'
[9.195s] INFO:colcon.colcon_core.shell:Creating prefix chain script '/home/youssef/hosbot_wp/install/setup.ps1'
[9.198s] INFO:colcon.colcon_core.shell:Creating prefix script '/home/youssef/hosbot_wp/install/local_setup.sh'
[9.198s] INFO:colcon.colcon_core.shell:Creating prefix util module '/home/youssef/hosbot_wp/install/_local_setup_util_sh.py'
[9.200s] INFO:colcon.colcon_core.shell:Creating prefix chain script '/home/youssef/hosbot_wp/install/setup.sh'
[9.202s] INFO:colcon.colcon_core.shell:Creating prefix script '/home/youssef/hosbot_wp/install/local_setup.bash'
[9.203s] INFO:colcon.colcon_core.shell:Creating prefix chain script '/home/youssef/hosbot_wp/install/setup.bash'
[9.205s] INFO:colcon.colcon_core.shell:Creating prefix script '/home/youssef/hosbot_wp/install/local_setup.zsh'
[9.206s] INFO:colcon.colcon_core.shell:Creating prefix chain script '/home/youssef/hosbot_wp/install/setup.zsh'
