[0.777s] Invoking command in '/home/youssef/hosbot_wp/src/hardware_pkg': DEBUGINFOD_URLS=https://debuginfod.ubuntu.com PYTHONPATH=/home/youssef/hosbot_wp/build/hardware_pkg/prefix_override:/usr/lib/python3/dist-packages/colcon_core/task/python/colcon_distutils_commands:/home/youssef/hosbot_wp/install/hardware_pkg/lib/python3.12/site-packages:${PYTHONPATH} /usr/bin/python3 -W ignore:setup.py install is deprecated -W ignore:easy_install command is deprecated setup.py egg_info --egg-base ../../build/hardware_pkg build --build-base /home/youssef/hosbot_wp/build/hardware_pkg/build install --record /home/youssef/hosbot_wp/build/hardware_pkg/install.log --single-version-externally-managed install_data
[1.035s] running egg_info
[1.054s] writing ../../build/hardware_pkg/hardware_pkg.egg-info/PKG-INFO
[1.054s] writing dependency_links to ../../build/hardware_pkg/hardware_pkg.egg-info/dependency_links.txt
[1.054s] writing entry points to ../../build/hardware_pkg/hardware_pkg.egg-info/entry_points.txt
[1.055s] writing requirements to ../../build/hardware_pkg/hardware_pkg.egg-info/requires.txt
[1.055s] writing top-level names to ../../build/hardware_pkg/hardware_pkg.egg-info/top_level.txt
[1.092s] reading manifest file '../../build/hardware_pkg/hardware_pkg.egg-info/SOURCES.txt'
[1.093s] writing manifest file '../../build/hardware_pkg/hardware_pkg.egg-info/SOURCES.txt'
[1.093s] running build
[1.093s] running build_py
[1.094s] running install
[1.099s] running install_lib
[1.118s] running install_data
[1.118s] running install_egg_info
[1.138s] removing '/home/youssef/hosbot_wp/install/hardware_pkg/lib/python3.12/site-packages/hardware_pkg-0.0.0-py3.12.egg-info' (and everything under it)
[1.138s] Copying ../../build/hardware_pkg/hardware_pkg.egg-info to /home/youssef/hosbot_wp/install/hardware_pkg/lib/python3.12/site-packages/hardware_pkg-0.0.0-py3.12.egg-info
[1.139s] running install_scripts
[1.265s] Installing motors_node script to /home/youssef/hosbot_wp/install/hardware_pkg/lib/hardware_pkg
[1.265s] writing list of installed files to '/home/youssef/hosbot_wp/build/hardware_pkg/install.log'
[1.298s] Invoked command in '/home/youssef/hosbot_wp/src/hardware_pkg' returned '0': DEBUGINFOD_URLS=https://debuginfod.ubuntu.com PYTHONPATH=/home/youssef/hosbot_wp/build/hardware_pkg/prefix_override:/usr/lib/python3/dist-packages/colcon_core/task/python/colcon_distutils_commands:/home/youssef/hosbot_wp/install/hardware_pkg/lib/python3.12/site-packages:${PYTHONPATH} /usr/bin/python3 -W ignore:setup.py install is deprecated -W ignore:easy_install command is deprecated setup.py egg_info --egg-base ../../build/hardware_pkg build --build-base /home/youssef/hosbot_wp/build/hardware_pkg/build install --record /home/youssef/hosbot_wp/build/hardware_pkg/install.log --single-version-externally-managed install_data
