-- The C compiler identification is GNU 13.3.0
-- The CXX compiler identification is GNU 13.3.0
-- Detecting C compiler ABI info
-- Detecting C compiler ABI info - done
-- Check for working C compiler: /usr/bin/cc - skipped
-- Detecting C compile features
-- Detecting C compile features - done
-- Detecting CXX compiler ABI info
-- Detecting CXX compiler ABI info - done
-- Check for working CXX compiler: /usr/bin/c++ - skipped
-- Detecting CXX compile features
-- Detecting CXX compile features - done
-- Found ament_cmake: 2.5.5 (/opt/ros/jazzy/share/ament_cmake/cmake)
-- Found Python3: /usr/bin/python3 (found version "3.12.3") found components: Interpreter 
-- Found rclcpp: 28.1.16 (/opt/ros/jazzy/share/rclcpp/cmake)
-- Found rosidl_generator_c: 4.6.7 (/opt/ros/jazzy/share/rosidl_generator_c/cmake)
-- Found rosidl_generator_cpp: 4.6.7 (/opt/ros/jazzy/share/rosidl_generator_cpp/cmake)
-- Using all available rosidl_typesupport_c: rosidl_typesupport_fastrtps_c;rosidl_typesupport_introspection_c
-- Using all available rosidl_typesupport_cpp: rosidl_typesupport_fastrtps_cpp;rosidl_typesupport_introspection_cpp
-- Found rmw_implementation_cmake: 7.3.3 (/opt/ros/jazzy/share/rmw_implementation_cmake/cmake)
-- Found rmw_fastrtps_cpp: 8.4.3 (/opt/ros/jazzy/share/rmw_fastrtps_cpp/cmake)
-- Found OpenSSL: /usr/lib/x86_64-linux-gnu/libcrypto.so (found version "3.0.13")  
-- Found FastRTPS: /opt/ros/jazzy/include (Required is at least version "2.13") 
-- Using RMW implementation 'rmw_fastrtps_cpp' as default
-- Found sensor_msgs: 5.3.6 (/opt/ros/jazzy/share/sensor_msgs/cmake)
-- Found ament_lint_auto: 0.17.4 (/opt/ros/jazzy/share/ament_lint_auto/cmake)
-- operation system is Linux-6.17.0-19-generic
-- current platform: Linux 
-- Performing Test CMAKE_HAVE_LIBC_PTHREAD
-- Performing Test CMAKE_HAVE_LIBC_PTHREAD - Success
-- Found Threads: TRUE  
-- Added test 'copyright' to check source files copyright and LICENSE
-- Added test 'cppcheck' to perform static code analysis on C / C++ code
-- Configured cppcheck include dirs: /home/youssef/hosbot_wp/src/ldlidar_ros2/include;/home/youssef/hosbot_wp/src/ldlidar_ros2/sdk/include
-- Configured cppcheck exclude dirs and/or files: 
-- Added test 'cpplint' to check C / C++ code against the Google style
-- Configured cpplint exclude dirs and/or files: 
-- Added test 'flake8' to check Python code syntax and style conventions
-- Configured 'flake8' exclude dirs and/or files: 
-- Added test 'lint_cmake' to check CMake code style
-- Added test 'pep257' to check Python code against some of the docstring style conventions in PEP 257
-- Added test 'uncrustify' to check C / C++ code style
-- Configured uncrustify additional arguments: 
-- Added test 'xmllint' to check XML markup files
-- Configuring done (1.6s)
-- Generating done (0.0s)
-- Build files have been written to: /home/youssef/hosbot_wp/build/ldlidar_ros2
[  7%] [32mBuilding CXX object sdk/CMakeFiles/ldlidar_driver.dir/src/ldlidar_driver.cpp.o[0m
[ 15%] [32mBuilding CXX object sdk/CMakeFiles/ldlidar_driver.dir/src/ldlidar_protocol.cpp.o[0m
[ 23%] [32mBuilding CXX object sdk/CMakeFiles/ldlidar_driver.dir/src/ldlidar_driver_linux.cpp.o[0m
[ 53%] [32mBuilding CXX object sdk/CMakeFiles/ldlidar_driver.dir/src/ldlidar_dataprocess.cpp.o[0m
[ 53%] [32mBuilding CXX object sdk/CMakeFiles/ldlidar_driver.dir/src/serial_interface_linux.cpp.o[0m
[ 53%] [32mBuilding CXX object sdk/CMakeFiles/ldlidar_driver.dir/src/sl_transform.cpp.o[0m
[ 53%] [32mBuilding CXX object sdk/CMakeFiles/ldlidar_driver.dir/src/network_socket_interface_linux.cpp.o[0m
[ 61%] [32mBuilding CXX object sdk/CMakeFiles/ldlidar_driver.dir/src/slbf.cpp.o[0m
[ 69%] [32mBuilding CXX object sdk/CMakeFiles/ldlidar_driver.dir/src/log_module.cpp.o[0m
[ 76%] [32mBuilding CXX object sdk/CMakeFiles/ldlidar_driver.dir/src/tofbf.cpp.o[0m
[ 84%] [32m[1mLinking CXX static library libldlidar_driver.a[0m
[ 84%] Built target ldlidar_driver
[ 92%] [32mBuilding CXX object CMakeFiles/ldlidar_ros2_node.dir/src/demo.cpp.o[0m
[100%] [32m[1mLinking CXX executable ldlidar_ros2_node[0m
[100%] Built target ldlidar_ros2_node
-- Install configuration: ""
-- Installing: /home/youssef/hosbot_wp/install/ldlidar_ros2/lib/ldlidar_ros2/ldlidar_ros2_node
-- Set non-toolchain portion of runtime path of "/home/youssef/hosbot_wp/install/ldlidar_ros2/lib/ldlidar_ros2/ldlidar_ros2_node" to ""
-- Installing: /home/youssef/hosbot_wp/install/ldlidar_ros2/share/ldlidar_ros2//launch
-- Installing: /home/youssef/hosbot_wp/install/ldlidar_ros2/share/ldlidar_ros2//launch/ld19.launch.py
-- Installing: /home/youssef/hosbot_wp/install/ldlidar_ros2/share/ldlidar_ros2//launch/viewer_ld14.launch.py
-- Installing: /home/youssef/hosbot_wp/install/ldlidar_ros2/share/ldlidar_ros2//launch/ld14.launch.py
-- Installing: /home/youssef/hosbot_wp/install/ldlidar_ros2/share/ldlidar_ros2//launch/viewer_ld06.launch.py
-- Installing: /home/youssef/hosbot_wp/install/ldlidar_ros2/share/ldlidar_ros2//launch/ld14p.launch.py
-- Installing: /home/youssef/hosbot_wp/install/ldlidar_ros2/share/ldlidar_ros2//launch/viewer_ld14p.launch.py
-- Installing: /home/youssef/hosbot_wp/install/ldlidar_ros2/share/ldlidar_ros2//launch/viewer_ld19.launch.py
-- Installing: /home/youssef/hosbot_wp/install/ldlidar_ros2/share/ldlidar_ros2//launch/ld06.launch.py
-- Installing: /home/youssef/hosbot_wp/install/ldlidar_ros2/share/ldlidar_ros2//rviz2
-- Installing: /home/youssef/hosbot_wp/install/ldlidar_ros2/share/ldlidar_ros2//rviz2/ldlidar.rviz
-- Installing: /home/youssef/hosbot_wp/install/ldlidar_ros2/share/ldlidar_ros2//scripts
-- Installing: /home/youssef/hosbot_wp/install/ldlidar_ros2/share/ldlidar_ros2//scripts/create_udev_rules.sh
-- Installing: /home/youssef/hosbot_wp/install/ldlidar_ros2/share/ldlidar_ros2//scripts/delete_udev_rules.sh
-- Installing: /home/youssef/hosbot_wp/install/ldlidar_ros2/share/ldlidar_ros2//scripts/ldlidar.rules
-- Installing: /home/youssef/hosbot_wp/install/ldlidar_ros2/share/ament_index/resource_index/package_run_dependencies/ldlidar_ros2
-- Installing: /home/youssef/hosbot_wp/install/ldlidar_ros2/share/ament_index/resource_index/parent_prefix_path/ldlidar_ros2
-- Installing: /home/youssef/hosbot_wp/install/ldlidar_ros2/share/ldlidar_ros2/environment/ament_prefix_path.sh
-- Installing: /home/youssef/hosbot_wp/install/ldlidar_ros2/share/ldlidar_ros2/environment/ament_prefix_path.dsv
-- Installing: /home/youssef/hosbot_wp/install/ldlidar_ros2/share/ldlidar_ros2/environment/path.sh
-- Installing: /home/youssef/hosbot_wp/install/ldlidar_ros2/share/ldlidar_ros2/environment/path.dsv
-- Installing: /home/youssef/hosbot_wp/install/ldlidar_ros2/share/ldlidar_ros2/local_setup.bash
-- Installing: /home/youssef/hosbot_wp/install/ldlidar_ros2/share/ldlidar_ros2/local_setup.sh
-- Installing: /home/youssef/hosbot_wp/install/ldlidar_ros2/share/ldlidar_ros2/local_setup.zsh
-- Installing: /home/youssef/hosbot_wp/install/ldlidar_ros2/share/ldlidar_ros2/local_setup.dsv
-- Installing: /home/youssef/hosbot_wp/install/ldlidar_ros2/share/ldlidar_ros2/package.dsv
-- Installing: /home/youssef/hosbot_wp/install/ldlidar_ros2/share/ament_index/resource_index/packages/ldlidar_ros2
-- Installing: /home/youssef/hosbot_wp/install/ldlidar_ros2/share/ldlidar_ros2/cmake/ldlidar_ros2Config.cmake
-- Installing: /home/youssef/hosbot_wp/install/ldlidar_ros2/share/ldlidar_ros2/cmake/ldlidar_ros2Config-version.cmake
-- Installing: /home/youssef/hosbot_wp/install/ldlidar_ros2/share/ldlidar_ros2/package.xml
