[0.015s] Invoking command in '/home/youssef/hosbot_wp/build/ldlidar_ros2': CMAKE_PREFIX_PATH=${CMAKE_PREFIX_PATH}:/home/youssef/hosbot_wp/install/robot_urdf:/home/youssef/ros2_wp/install/test_pkg:/opt/ros/jazzy DEBUGINFOD_URLS=https://debuginfod.ubuntu.com /usr/bin/cmake /home/youssef/hosbot_wp/src/ldlidar_ros2 -DCMAKE_INSTALL_PREFIX=/home/youssef/hosbot_wp/install/ldlidar_ros2
[0.084s] -- The C compiler identification is GNU 13.3.0
[0.140s] -- The CXX compiler identification is GNU 13.3.0
[0.162s] -- Detecting C compiler ABI info
[0.269s] -- Detecting C compiler ABI info - done
[0.278s] -- Check for working C compiler: /usr/bin/cc - skipped
[0.278s] -- Detecting C compile features
[0.278s] -- Detecting C compile features - done
[0.288s] -- Detecting CXX compiler ABI info
[0.396s] -- Detecting CXX compiler ABI info - done
[0.404s] -- Check for working CXX compiler: /usr/bin/c++ - skipped
[0.405s] -- Detecting CXX compile features
[0.405s] -- Detecting CXX compile features - done
[0.410s] -- Found ament_cmake: 2.5.5 (/opt/ros/jazzy/share/ament_cmake/cmake)
[0.585s] -- Found Python3: /usr/bin/python3 (found version "3.12.3") found components: Interpreter 
[0.741s] -- Found rclcpp: 28.1.16 (/opt/ros/jazzy/share/rclcpp/cmake)
[0.799s] -- Found rosidl_generator_c: 4.6.7 (/opt/ros/jazzy/share/rosidl_generator_c/cmake)
[0.818s] -- Found rosidl_generator_cpp: 4.6.7 (/opt/ros/jazzy/share/rosidl_generator_cpp/cmake)
[0.839s] -- Using all available rosidl_typesupport_c: rosidl_typesupport_fastrtps_c;rosidl_typesupport_introspection_c
[0.862s] -- Using all available rosidl_typesupport_cpp: rosidl_typesupport_fastrtps_cpp;rosidl_typesupport_introspection_cpp
[0.955s] -- Found rmw_implementation_cmake: 7.3.3 (/opt/ros/jazzy/share/rmw_implementation_cmake/cmake)
[0.960s] -- Found rmw_fastrtps_cpp: 8.4.3 (/opt/ros/jazzy/share/rmw_fastrtps_cpp/cmake)
[1.078s] -- Found OpenSSL: /usr/lib/x86_64-linux-gnu/libcrypto.so (found version "3.0.13")  
[1.101s] -- Found FastRTPS: /opt/ros/jazzy/include (Required is at least version "2.13") 
[1.126s] -- Using RMW implementation 'rmw_fastrtps_cpp' as default
[1.211s] -- Found sensor_msgs: 5.3.6 (/opt/ros/jazzy/share/sensor_msgs/cmake)
[1.274s] -- Found ament_lint_auto: 0.17.4 (/opt/ros/jazzy/share/ament_lint_auto/cmake)
[1.405s] -- operation system is Linux-6.17.0-19-generic
[1.406s] -- current platform: Linux 
[1.447s] -- Performing Test CMAKE_HAVE_LIBC_PTHREAD
[1.595s] -- Performing Test CMAKE_HAVE_LIBC_PTHREAD - Success
[1.597s] -- Found Threads: TRUE  
[1.607s] -- Added test 'copyright' to check source files copyright and LICENSE
[1.637s] -- Added test 'cppcheck' to perform static code analysis on C / C++ code
[1.637s] -- Configured cppcheck include dirs: /home/youssef/hosbot_wp/src/ldlidar_ros2/include;/home/youssef/hosbot_wp/src/ldlidar_ros2/sdk/include
[1.637s] -- Configured cppcheck exclude dirs and/or files: 
[1.651s] -- Added test 'cpplint' to check C / C++ code against the Google style
[1.651s] -- Configured cpplint exclude dirs and/or files: 
[1.653s] -- Added test 'flake8' to check Python code syntax and style conventions
[1.653s] -- Configured 'flake8' exclude dirs and/or files: 
[1.656s] -- Added test 'lint_cmake' to check CMake code style
[1.658s] -- Added test 'pep257' to check Python code against some of the docstring style conventions in PEP 257
[1.667s] -- Added test 'uncrustify' to check C / C++ code style
[1.667s] -- Configured uncrustify additional arguments: 
[1.669s] -- Added test 'xmllint' to check XML markup files
[1.671s] -- Configuring done (1.6s)
[1.684s] -- Generating done (0.0s)
[1.688s] -- Build files have been written to: /home/youssef/hosbot_wp/build/ldlidar_ros2
[1.704s] Invoked command in '/home/youssef/hosbot_wp/build/ldlidar_ros2' returned '0': CMAKE_PREFIX_PATH=${CMAKE_PREFIX_PATH}:/home/youssef/hosbot_wp/install/robot_urdf:/home/youssef/ros2_wp/install/test_pkg:/opt/ros/jazzy DEBUGINFOD_URLS=https://debuginfod.ubuntu.com /usr/bin/cmake /home/youssef/hosbot_wp/src/ldlidar_ros2 -DCMAKE_INSTALL_PREFIX=/home/youssef/hosbot_wp/install/ldlidar_ros2
[1.705s] Invoking command in '/home/youssef/hosbot_wp/build/ldlidar_ros2': CMAKE_PREFIX_PATH=${CMAKE_PREFIX_PATH}:/home/youssef/hosbot_wp/install/robot_urdf:/home/youssef/ros2_wp/install/test_pkg:/opt/ros/jazzy DEBUGINFOD_URLS=https://debuginfod.ubuntu.com /usr/bin/cmake --build /home/youssef/hosbot_wp/build/ldlidar_ros2 -- -j16 -l16
[1.786s] [  7%] [32mBuilding CXX object sdk/CMakeFiles/ldlidar_driver.dir/src/ldlidar_driver.cpp.o[0m
[1.786s] [ 15%] [32mBuilding CXX object sdk/CMakeFiles/ldlidar_driver.dir/src/ldlidar_protocol.cpp.o[0m
[1.787s] [ 23%] [32mBuilding CXX object sdk/CMakeFiles/ldlidar_driver.dir/src/ldlidar_driver_linux.cpp.o[0m
[1.788s] [ 53%] [32mBuilding CXX object sdk/CMakeFiles/ldlidar_driver.dir/src/ldlidar_dataprocess.cpp.o[0m
[1.788s] [ 53%] [32mBuilding CXX object sdk/CMakeFiles/ldlidar_driver.dir/src/serial_interface_linux.cpp.o[0m
[1.788s] [ 53%] [32mBuilding CXX object sdk/CMakeFiles/ldlidar_driver.dir/src/sl_transform.cpp.o[0m
[1.788s] [ 53%] [32mBuilding CXX object sdk/CMakeFiles/ldlidar_driver.dir/src/network_socket_interface_linux.cpp.o[0m
[1.790s] [ 61%] [32mBuilding CXX object sdk/CMakeFiles/ldlidar_driver.dir/src/slbf.cpp.o[0m
[1.798s] [ 69%] [32mBuilding CXX object sdk/CMakeFiles/ldlidar_driver.dir/src/log_module.cpp.o[0m
[1.799s] [ 76%] [32mBuilding CXX object sdk/CMakeFiles/ldlidar_driver.dir/src/tofbf.cpp.o[0m
[2.445s] [ 84%] [32m[1mLinking CXX static library libldlidar_driver.a[0m
[2.566s] [ 84%] Built target ldlidar_driver
[2.594s] [ 92%] [32mBuilding CXX object CMakeFiles/ldlidar_ros2_node.dir/src/demo.cpp.o[0m
[8.271s] [100%] [32m[1mLinking CXX executable ldlidar_ros2_node[0m
[8.876s] [100%] Built target ldlidar_ros2_node
[8.890s] Invoked command in '/home/youssef/hosbot_wp/build/ldlidar_ros2' returned '0': CMAKE_PREFIX_PATH=${CMAKE_PREFIX_PATH}:/home/youssef/hosbot_wp/install/robot_urdf:/home/youssef/ros2_wp/install/test_pkg:/opt/ros/jazzy DEBUGINFOD_URLS=https://debuginfod.ubuntu.com /usr/bin/cmake --build /home/youssef/hosbot_wp/build/ldlidar_ros2 -- -j16 -l16
[8.892s] Invoking command in '/home/youssef/hosbot_wp/build/ldlidar_ros2': CMAKE_PREFIX_PATH=${CMAKE_PREFIX_PATH}:/home/youssef/hosbot_wp/install/robot_urdf:/home/youssef/ros2_wp/install/test_pkg:/opt/ros/jazzy DEBUGINFOD_URLS=https://debuginfod.ubuntu.com /usr/bin/cmake --install /home/youssef/hosbot_wp/build/ldlidar_ros2
[8.910s] -- Install configuration: ""
[8.911s] -- Installing: /home/youssef/hosbot_wp/install/ldlidar_ros2/lib/ldlidar_ros2/ldlidar_ros2_node
[8.912s] -- Set non-toolchain portion of runtime path of "/home/youssef/hosbot_wp/install/ldlidar_ros2/lib/ldlidar_ros2/ldlidar_ros2_node" to ""
[8.912s] -- Installing: /home/youssef/hosbot_wp/install/ldlidar_ros2/share/ldlidar_ros2//launch
[8.912s] -- Installing: /home/youssef/hosbot_wp/install/ldlidar_ros2/share/ldlidar_ros2//launch/ld19.launch.py
[8.913s] -- Installing: /home/youssef/hosbot_wp/install/ldlidar_ros2/share/ldlidar_ros2//launch/viewer_ld14.launch.py
[8.913s] -- Installing: /home/youssef/hosbot_wp/install/ldlidar_ros2/share/ldlidar_ros2//launch/ld14.launch.py
[8.913s] -- Installing: /home/youssef/hosbot_wp/install/ldlidar_ros2/share/ldlidar_ros2//launch/viewer_ld06.launch.py
[8.913s] -- Installing: /home/youssef/hosbot_wp/install/ldlidar_ros2/share/ldlidar_ros2//launch/ld14p.launch.py
[8.913s] -- Installing: /home/youssef/hosbot_wp/install/ldlidar_ros2/share/ldlidar_ros2//launch/viewer_ld14p.launch.py
[8.913s] -- Installing: /home/youssef/hosbot_wp/install/ldlidar_ros2/share/ldlidar_ros2//launch/viewer_ld19.launch.py
[8.913s] -- Installing: /home/youssef/hosbot_wp/install/ldlidar_ros2/share/ldlidar_ros2//launch/ld06.launch.py
[8.913s] -- Installing: /home/youssef/hosbot_wp/install/ldlidar_ros2/share/ldlidar_ros2//rviz2
[8.913s] -- Installing: /home/youssef/hosbot_wp/install/ldlidar_ros2/share/ldlidar_ros2//rviz2/ldlidar.rviz
[8.913s] -- Installing: /home/youssef/hosbot_wp/install/ldlidar_ros2/share/ldlidar_ros2//scripts
[8.913s] -- Installing: /home/youssef/hosbot_wp/install/ldlidar_ros2/share/ldlidar_ros2//scripts/create_udev_rules.sh
[8.914s] -- Installing: /home/youssef/hosbot_wp/install/ldlidar_ros2/share/ldlidar_ros2//scripts/delete_udev_rules.sh
[8.914s] -- Installing: /home/youssef/hosbot_wp/install/ldlidar_ros2/share/ldlidar_ros2//scripts/ldlidar.rules
[8.914s] -- Installing: /home/youssef/hosbot_wp/install/ldlidar_ros2/share/ament_index/resource_index/package_run_dependencies/ldlidar_ros2
[8.914s] -- Installing: /home/youssef/hosbot_wp/install/ldlidar_ros2/share/ament_index/resource_index/parent_prefix_path/ldlidar_ros2
[8.914s] -- Installing: /home/youssef/hosbot_wp/install/ldlidar_ros2/share/ldlidar_ros2/environment/ament_prefix_path.sh
[8.914s] -- Installing: /home/youssef/hosbot_wp/install/ldlidar_ros2/share/ldlidar_ros2/environment/ament_prefix_path.dsv
[8.915s] -- Installing: /home/youssef/hosbot_wp/install/ldlidar_ros2/share/ldlidar_ros2/environment/path.sh
[8.915s] -- Installing: /home/youssef/hosbot_wp/install/ldlidar_ros2/share/ldlidar_ros2/environment/path.dsv
[8.915s] -- Installing: /home/youssef/hosbot_wp/install/ldlidar_ros2/share/ldlidar_ros2/local_setup.bash
[8.915s] -- Installing: /home/youssef/hosbot_wp/install/ldlidar_ros2/share/ldlidar_ros2/local_setup.sh
[8.915s] -- Installing: /home/youssef/hosbot_wp/install/ldlidar_ros2/share/ldlidar_ros2/local_setup.zsh
[8.915s] -- Installing: /home/youssef/hosbot_wp/install/ldlidar_ros2/share/ldlidar_ros2/local_setup.dsv
[8.915s] -- Installing: /home/youssef/hosbot_wp/install/ldlidar_ros2/share/ldlidar_ros2/package.dsv
[8.915s] -- Installing: /home/youssef/hosbot_wp/install/ldlidar_ros2/share/ament_index/resource_index/packages/ldlidar_ros2
[8.916s] -- Installing: /home/youssef/hosbot_wp/install/ldlidar_ros2/share/ldlidar_ros2/cmake/ldlidar_ros2Config.cmake
[8.916s] -- Installing: /home/youssef/hosbot_wp/install/ldlidar_ros2/share/ldlidar_ros2/cmake/ldlidar_ros2Config-version.cmake
[8.916s] -- Installing: /home/youssef/hosbot_wp/install/ldlidar_ros2/share/ldlidar_ros2/package.xml
[8.919s] Invoked command in '/home/youssef/hosbot_wp/build/ldlidar_ros2' returned '0': CMAKE_PREFIX_PATH=${CMAKE_PREFIX_PATH}:/home/youssef/hosbot_wp/install/robot_urdf:/home/youssef/ros2_wp/install/test_pkg:/opt/ros/jazzy DEBUGINFOD_URLS=https://debuginfod.ubuntu.com /usr/bin/cmake --install /home/youssef/hosbot_wp/build/ldlidar_ros2
