[0.087s] DEBUG:colcon:Command line arguments: ['/usr/bin/colcon', 'build', '--packages-select', 'robot_urdf']
[0.087s] DEBUG:colcon:Parsed command line arguments: Namespace(log_base=None, log_level=None, verb_name='build', build_base='build', install_base='install', merge_install=False, symlink_install=False, test_result_base=None, continue_on_error=False, executor='parallel', parallel_workers=16, event_handlers=None, ignore_user_meta=False, metas=['./colcon.meta'], base_paths=['.'], packages_ignore=None, packages_ignore_regex=None, paths=None, packages_up_to=None, packages_up_to_regex=None, packages_above=None, packages_above_and_dependencies=None, packages_above_depth=None, packages_select_by_dep=None, packages_skip_by_dep=None, packages_skip_up_to=None, packages_select_build_failed=False, packages_skip_build_finished=False, packages_select_test_failures=False, packages_skip_test_passed=False, packages_select=['robot_urdf'], packages_skip=None, packages_select_regex=None, packages_skip_regex=None, packages_start=None, packages_end=None, allow_overriding=[], cmake_args=None, cmake_target=None, cmake_target_skip_unavailable=False, cmake_clean_cache=False, cmake_clean_first=False, cmake_force_configure=False, ament_cmake_args=None, catkin_cmake_args=None, catkin_skip_building_tests=False, mixin_files=None, mixin=None, verb_parser=<colcon_mixin.mixin.mixin_argument.MixinArgumentDecorator object at 0x7fe45d98c680>, verb_extension=<colcon_core.verb.build.BuildVerb object at 0x7fe45dab0710>, main=<bound method BuildVerb.main of <colcon_core.verb.build.BuildVerb object at 0x7fe45dab0710>>, mixin_verb=('build',))
[0.119s] Level 1:colcon.colcon_core.package_discovery:discover_packages(colcon_meta) check parameters
[0.119s] Level 1:colcon.colcon_core.package_discovery:discover_packages(recursive) check parameters
[0.119s] Level 1:colcon.colcon_core.package_discovery:discover_packages(ignore) check parameters
[0.119s] Level 1:colcon.colcon_core.package_discovery:discover_packages(path) check parameters
[0.119s] Level 1:colcon.colcon_core.package_discovery:discover_packages(colcon_meta) discover
[0.119s] Level 1:colcon.colcon_core.package_discovery:discover_packages(recursive) discover
[0.119s] INFO:colcon.colcon_core.package_discovery:Crawling recursively for packages in '/home/youssef/hosbot_wp/src'
[0.119s] Level 1:colcon.colcon_core.package_identification:_identify(.) by extensions ['ignore', 'ignore_ament_install']
[0.120s] Level 1:colcon.colcon_core.package_identification:_identify(.) by extension 'ignore'
[0.120s] Level 1:colcon.colcon_core.package_identification:_identify(.) by extension 'ignore_ament_install'
[0.120s] Level 1:colcon.colcon_core.package_identification:_identify(.) by extensions ['colcon_pkg']
[0.120s] Level 1:colcon.colcon_core.package_identification:_identify(.) by extension 'colcon_pkg'
[0.120s] Level 1:colcon.colcon_core.package_identification:_identify(.) by extensions ['colcon_meta']
[0.120s] Level 1:colcon.colcon_core.package_identification:_identify(.) by extension 'colcon_meta'
[0.120s] Level 1:colcon.colcon_core.package_identification:_identify(.) by extensions ['ros']
[0.120s] Level 1:colcon.colcon_core.package_identification:_identify(.) by extension 'ros'
[0.141s] Level 1:colcon.colcon_core.package_identification:_identify(.) by extensions ['cmake', 'python']
[0.141s] Level 1:colcon.colcon_core.package_identification:_identify(.) by extension 'cmake'
[0.141s] Level 1:colcon.colcon_core.package_identification:_identify(.) by extension 'python'
[0.141s] Level 1:colcon.colcon_core.package_identification:_identify(.) by extensions ['python_setup_py']
[0.141s] Level 1:colcon.colcon_core.package_identification:_identify(.) by extension 'python_setup_py'
[0.141s] Level 1:colcon.colcon_core.package_identification:_identify(build) by extensions ['ignore', 'ignore_ament_install']
[0.141s] Level 1:colcon.colcon_core.package_identification:_identify(build) by extension 'ignore'
[0.141s] Level 1:colcon.colcon_core.package_identification:_identify(build) ignored
[0.141s] Level 1:colcon.colcon_core.package_identification:_identify(install) by extensions ['ignore', 'ignore_ament_install']
[0.141s] Level 1:colcon.colcon_core.package_identification:_identify(install) by extension 'ignore'
[0.141s] Level 1:colcon.colcon_core.package_identification:_identify(install) ignored
[0.141s] Level 1:colcon.colcon_core.package_identification:_identify(launch_pack) by extensions ['ignore', 'ignore_ament_install']
[0.141s] Level 1:colcon.colcon_core.package_identification:_identify(launch_pack) by extension 'ignore'
[0.141s] Level 1:colcon.colcon_core.package_identification:_identify(launch_pack) by extension 'ignore_ament_install'
[0.141s] Level 1:colcon.colcon_core.package_identification:_identify(launch_pack) by extensions ['colcon_pkg']
[0.141s] Level 1:colcon.colcon_core.package_identification:_identify(launch_pack) by extension 'colcon_pkg'
[0.141s] Level 1:colcon.colcon_core.package_identification:_identify(launch_pack) by extensions ['colcon_meta']
[0.142s] Level 1:colcon.colcon_core.package_identification:_identify(launch_pack) by extension 'colcon_meta'
[0.142s] Level 1:colcon.colcon_core.package_identification:_identify(launch_pack) by extensions ['ros']
[0.142s] Level 1:colcon.colcon_core.package_identification:_identify(launch_pack) by extension 'ros'
[0.159s] DEBUG:colcon.colcon_core.package_identification:Package 'launch_pack' with type 'ros.ament_cmake' and name 'launch_pack'
[0.160s] Level 1:colcon.colcon_core.package_identification:_identify(log) by extensions ['ignore', 'ignore_ament_install']
[0.160s] Level 1:colcon.colcon_core.package_identification:_identify(log) by extension 'ignore'
[0.160s] Level 1:colcon.colcon_core.package_identification:_identify(log) ignored
[0.160s] Level 1:colcon.colcon_core.package_identification:_identify(robot_urdf) by extensions ['ignore', 'ignore_ament_install']
[0.160s] Level 1:colcon.colcon_core.package_identification:_identify(robot_urdf) by extension 'ignore'
[0.160s] Level 1:colcon.colcon_core.package_identification:_identify(robot_urdf) by extension 'ignore_ament_install'
[0.160s] Level 1:colcon.colcon_core.package_identification:_identify(robot_urdf) by extensions ['colcon_pkg']
[0.160s] Level 1:colcon.colcon_core.package_identification:_identify(robot_urdf) by extension 'colcon_pkg'
[0.160s] Level 1:colcon.colcon_core.package_identification:_identify(robot_urdf) by extensions ['colcon_meta']
[0.160s] Level 1:colcon.colcon_core.package_identification:_identify(robot_urdf) by extension 'colcon_meta'
[0.160s] Level 1:colcon.colcon_core.package_identification:_identify(robot_urdf) by extensions ['ros']
[0.160s] Level 1:colcon.colcon_core.package_identification:_identify(robot_urdf) by extension 'ros'
[0.170s] DEBUG:colcon.colcon_core.package_identification:Package 'robot_urdf' with type 'ros.ament_python' and name 'robot_urdf'
[0.170s] Level 1:colcon.colcon_core.package_discovery:discover_packages(recursive) using defaults
[0.171s] Level 1:colcon.colcon_core.package_discovery:discover_packages(ignore) discover
[0.171s] Level 1:colcon.colcon_core.package_discovery:discover_packages(ignore) using defaults
[0.171s] Level 1:colcon.colcon_core.package_discovery:discover_packages(path) discover
[0.171s] Level 1:colcon.colcon_core.package_discovery:discover_packages(path) using defaults
[0.195s] INFO:colcon.colcon_core.package_selection:Skipping not selected package 'launch_pack' in 'launch_pack'
[0.195s] Level 1:colcon.colcon_core.package_discovery:discover_packages(prefix_path) check parameters
[0.195s] Level 1:colcon.colcon_core.package_discovery:discover_packages(prefix_path) discover
[0.196s] DEBUG:colcon.colcon_installed_package_information.package_discovery:Found 2 installed packages in /home/youssef/hosbot_wp/install
[0.197s] DEBUG:colcon.colcon_installed_package_information.package_discovery:Found 0 installed packages in /home/youssef/turtle_sim_wp/install
[0.197s] DEBUG:colcon.colcon_installed_package_information.package_discovery:Found 3 installed packages in /home/youssef/ros2_wp/install
[0.198s] DEBUG:colcon.colcon_installed_package_information.package_discovery:Found 287 installed packages in /opt/ros/jazzy
[0.199s] Level 1:colcon.colcon_core.package_discovery:discover_packages(prefix_path) using defaults
[0.234s] Level 5:colcon.colcon_core.verb:set package 'robot_urdf' build argument 'cmake_args' from command line to 'None'
[0.234s] Level 5:colcon.colcon_core.verb:set package 'robot_urdf' build argument 'cmake_target' from command line to 'None'
[0.234s] Level 5:colcon.colcon_core.verb:set package 'robot_urdf' build argument 'cmake_target_skip_unavailable' from command line to 'False'
[0.234s] Level 5:colcon.colcon_core.verb:set package 'robot_urdf' build argument 'cmake_clean_cache' from command line to 'False'
[0.234s] Level 5:colcon.colcon_core.verb:set package 'robot_urdf' build argument 'cmake_clean_first' from command line to 'False'
[0.234s] Level 5:colcon.colcon_core.verb:set package 'robot_urdf' build argument 'cmake_force_configure' from command line to 'False'
[0.234s] Level 5:colcon.colcon_core.verb:set package 'robot_urdf' build argument 'ament_cmake_args' from command line to 'None'
[0.234s] Level 5:colcon.colcon_core.verb:set package 'robot_urdf' build argument 'catkin_cmake_args' from command line to 'None'
[0.234s] Level 5:colcon.colcon_core.verb:set package 'robot_urdf' build argument 'catkin_skip_building_tests' from command line to 'False'
[0.234s] DEBUG:colcon.colcon_core.verb:Building package 'robot_urdf' with the following arguments: {'ament_cmake_args': None, 'build_base': '/home/youssef/hosbot_wp/src/build/robot_urdf', 'catkin_cmake_args': None, 'catkin_skip_building_tests': False, 'cmake_args': None, 'cmake_clean_cache': False, 'cmake_clean_first': False, 'cmake_force_configure': False, 'cmake_target': None, 'cmake_target_skip_unavailable': False, 'install_base': '/home/youssef/hosbot_wp/src/install/robot_urdf', 'merge_install': False, 'path': '/home/youssef/hosbot_wp/src/robot_urdf', 'symlink_install': False, 'test_result_base': None}
[0.234s] INFO:colcon.colcon_core.executor:Executing jobs using 'parallel' executor
[0.236s] DEBUG:colcon.colcon_parallel_executor.executor.parallel:run_until_complete
[0.236s] INFO:colcon.colcon_ros.task.ament_python.build:Building ROS package in '/home/youssef/hosbot_wp/src/robot_urdf' with build type 'ament_python'
[0.236s] Level 1:colcon.colcon_core.shell:create_environment_hook('robot_urdf', 'ament_prefix_path')
[0.237s] INFO:colcon.colcon_core.plugin_system:Skipping extension 'colcon_core.shell.bat': Not used on non-Windows systems
[0.238s] INFO:colcon.colcon_core.shell:Creating environment hook '/home/youssef/hosbot_wp/src/install/robot_urdf/share/robot_urdf/hook/ament_prefix_path.ps1'
[0.244s] INFO:colcon.colcon_core.shell:Creating environment descriptor '/home/youssef/hosbot_wp/src/install/robot_urdf/share/robot_urdf/hook/ament_prefix_path.dsv'
[0.256s] INFO:colcon.colcon_core.shell:Creating environment hook '/home/youssef/hosbot_wp/src/install/robot_urdf/share/robot_urdf/hook/ament_prefix_path.sh'
[0.256s] INFO:colcon.colcon_core.shell:Skip shell extension 'powershell' for command environment: Not usable outside of PowerShell
[0.256s] DEBUG:colcon.colcon_core.shell:Skip shell extension 'dsv' for command environment
[0.504s] INFO:colcon.colcon_core.task.python.build:Building Python package in '/home/youssef/hosbot_wp/src/robot_urdf'
[0.505s] INFO:colcon.colcon_core.shell:Skip shell extension 'powershell' for command environment: Not usable outside of PowerShell
[0.505s] DEBUG:colcon.colcon_core.shell:Skip shell extension 'dsv' for command environment
[5.091s] DEBUG:colcon.colcon_core.event_handler.log_command:Invoking command in '/home/youssef/hosbot_wp/src/robot_urdf': DEBUGINFOD_URLS=https://debuginfod.ubuntu.com PYTHONPATH=/home/youssef/hosbot_wp/src/build/robot_urdf/prefix_override:/usr/lib/python3/dist-packages/colcon_core/task/python/colcon_distutils_commands:/home/youssef/hosbot_wp/src/install/robot_urdf/lib/python3.12/site-packages:${PYTHONPATH} /usr/bin/python3 -W ignore:setup.py install is deprecated -W ignore:easy_install command is deprecated setup.py egg_info --egg-base ../build/robot_urdf build --build-base /home/youssef/hosbot_wp/src/build/robot_urdf/build install --record /home/youssef/hosbot_wp/src/build/robot_urdf/install.log --single-version-externally-managed install_data
[5.601s] DEBUG:colcon.colcon_core.event_handler.log_command:Invoked command in '/home/youssef/hosbot_wp/src/robot_urdf' returned '0': DEBUGINFOD_URLS=https://debuginfod.ubuntu.com PYTHONPATH=/home/youssef/hosbot_wp/src/build/robot_urdf/prefix_override:/usr/lib/python3/dist-packages/colcon_core/task/python/colcon_distutils_commands:/home/youssef/hosbot_wp/src/install/robot_urdf/lib/python3.12/site-packages:${PYTHONPATH} /usr/bin/python3 -W ignore:setup.py install is deprecated -W ignore:easy_install command is deprecated setup.py egg_info --egg-base ../build/robot_urdf build --build-base /home/youssef/hosbot_wp/src/build/robot_urdf/build install --record /home/youssef/hosbot_wp/src/build/robot_urdf/install.log --single-version-externally-managed install_data
[5.691s] Level 1:colcon.colcon_core.environment:checking '/home/youssef/hosbot_wp/src/install/robot_urdf' for CMake module files
[5.692s] Level 1:colcon.colcon_core.environment:checking '/home/youssef/hosbot_wp/src/install/robot_urdf' for CMake config files
[5.693s] Level 1:colcon.colcon_core.environment:checking '/home/youssef/hosbot_wp/src/install/robot_urdf/lib'
[5.694s] Level 1:colcon.colcon_core.environment:checking '/home/youssef/hosbot_wp/src/install/robot_urdf/bin'
[5.694s] Level 1:colcon.colcon_core.environment:checking '/home/youssef/hosbot_wp/src/install/robot_urdf/lib/pkgconfig/robot_urdf.pc'
[5.694s] Level 1:colcon.colcon_core.environment:checking '/home/youssef/hosbot_wp/src/install/robot_urdf/lib/python3.12/site-packages'
[5.695s] Level 1:colcon.colcon_core.shell:create_environment_hook('robot_urdf', 'pythonpath')
[5.695s] INFO:colcon.colcon_core.shell:Creating environment hook '/home/youssef/hosbot_wp/src/install/robot_urdf/share/robot_urdf/hook/pythonpath.ps1'
[5.696s] INFO:colcon.colcon_core.shell:Creating environment descriptor '/home/youssef/hosbot_wp/src/install/robot_urdf/share/robot_urdf/hook/pythonpath.dsv'
[5.697s] INFO:colcon.colcon_core.shell:Creating environment hook '/home/youssef/hosbot_wp/src/install/robot_urdf/share/robot_urdf/hook/pythonpath.sh'
[5.698s] Level 1:colcon.colcon_core.environment:checking '/home/youssef/hosbot_wp/src/install/robot_urdf/bin'
[5.698s] Level 1:colcon.colcon_core.environment:create_environment_scripts_only(robot_urdf)
[5.699s] INFO:colcon.colcon_core.shell:Creating package script '/home/youssef/hosbot_wp/src/install/robot_urdf/share/robot_urdf/package.ps1'
[5.712s] INFO:colcon.colcon_core.shell:Creating package descriptor '/home/youssef/hosbot_wp/src/install/robot_urdf/share/robot_urdf/package.dsv'
[5.723s] INFO:colcon.colcon_core.shell:Creating package script '/home/youssef/hosbot_wp/src/install/robot_urdf/share/robot_urdf/package.sh'
[5.725s] INFO:colcon.colcon_core.shell:Creating package script '/home/youssef/hosbot_wp/src/install/robot_urdf/share/robot_urdf/package.bash'
[5.740s] INFO:colcon.colcon_core.shell:Creating package script '/home/youssef/hosbot_wp/src/install/robot_urdf/share/robot_urdf/package.zsh'
[5.751s] Level 1:colcon.colcon_core.environment:create_file_with_runtime_dependencies(/home/youssef/hosbot_wp/src/install/robot_urdf/share/colcon-core/packages/robot_urdf)
[5.752s] DEBUG:colcon.colcon_parallel_executor.executor.parallel:closing loop
[5.753s] DEBUG:colcon.colcon_parallel_executor.executor.parallel:loop closed
[5.753s] DEBUG:colcon.colcon_parallel_executor.executor.parallel:run_until_complete finished with '0'
[5.753s] DEBUG:colcon.colcon_core.event_reactor:joining thread
[5.764s] INFO:colcon.colcon_core.plugin_system:Skipping extension 'colcon_notification.desktop_notification.terminal_notifier': Not used on non-Darwin systems
[5.764s] INFO:colcon.colcon_core.plugin_system:Skipping extension 'colcon_notification.desktop_notification.win32': Not used on non-Windows systems
[5.764s] INFO:colcon.colcon_notification.desktop_notification:Sending desktop notification using 'notify2'
[5.790s] DEBUG:colcon.colcon_core.event_reactor:joined thread
[5.790s] INFO:colcon.colcon_core.shell:Creating prefix script '/home/youssef/hosbot_wp/src/install/local_setup.ps1'
[5.792s] INFO:colcon.colcon_core.shell:Creating prefix util module '/home/youssef/hosbot_wp/src/install/_local_setup_util_ps1.py'
[5.795s] INFO:colcon.colcon_core.shell:Creating prefix chain script '/home/youssef/hosbot_wp/src/install/setup.ps1'
[5.797s] INFO:colcon.colcon_core.shell:Creating prefix script '/home/youssef/hosbot_wp/src/install/local_setup.sh'
[5.798s] INFO:colcon.colcon_core.shell:Creating prefix util module '/home/youssef/hosbot_wp/src/install/_local_setup_util_sh.py'
[5.799s] INFO:colcon.colcon_core.shell:Creating prefix chain script '/home/youssef/hosbot_wp/src/install/setup.sh'
[5.801s] INFO:colcon.colcon_core.shell:Creating prefix script '/home/youssef/hosbot_wp/src/install/local_setup.bash'
[5.802s] INFO:colcon.colcon_core.shell:Creating prefix chain script '/home/youssef/hosbot_wp/src/install/setup.bash'
[5.805s] INFO:colcon.colcon_core.shell:Creating prefix script '/home/youssef/hosbot_wp/src/install/local_setup.zsh'
[5.806s] INFO:colcon.colcon_core.shell:Creating prefix chain script '/home/youssef/hosbot_wp/src/install/setup.zsh'
