[0.704s] Invoking command in '/home/youssef/hosbot_wp/src/robot_urdf': DEBUGINFOD_URLS=https://debuginfod.ubuntu.com PYTHONPATH=/home/youssef/hosbot_wp/src/build/robot_urdf/prefix_override:/usr/lib/python3/dist-packages/colcon_core/task/python/colcon_distutils_commands:/home/youssef/hosbot_wp/src/install/robot_urdf/lib/python3.12/site-packages:${PYTHONPATH} /usr/bin/python3 -W ignore:setup.py install is deprecated -W ignore:easy_install command is deprecated setup.py egg_info --egg-base ../build/robot_urdf build --build-base /home/youssef/hosbot_wp/src/build/robot_urdf/build install --record /home/youssef/hosbot_wp/src/build/robot_urdf/install.log --single-version-externally-managed install_data
[0.926s] running egg_info
[0.942s] writing ../build/robot_urdf/robot_urdf.egg-info/PKG-INFO
[0.943s] writing dependency_links to ../build/robot_urdf/robot_urdf.egg-info/dependency_links.txt
[0.943s] writing requirements to ../build/robot_urdf/robot_urdf.egg-info/requires.txt
[0.943s] writing top-level names to ../build/robot_urdf/robot_urdf.egg-info/top_level.txt
[0.976s] reading manifest file '../build/robot_urdf/robot_urdf.egg-info/SOURCES.txt'
[0.977s] writing manifest file '../build/robot_urdf/robot_urdf.egg-info/SOURCES.txt'
[0.977s] running build
[0.977s] running build_py
[0.977s] running install
[0.983s] running install_lib
[1.000s] running install_data
[1.000s] copying urdf/ultrasound_chassis.xacro -> /home/youssef/hosbot_wp/src/install/robot_urdf/share/robot_urdf/urdf
[1.000s] copying urdf/robot.urdf.xacro -> /home/youssef/hosbot_wp/src/install/robot_urdf/share/robot_urdf/urdf
[1.000s] running install_egg_info
[1.018s] removing '/home/youssef/hosbot_wp/src/install/robot_urdf/lib/python3.12/site-packages/robot_urdf-0.0.0-py3.12.egg-info' (and everything under it)
[1.018s] Copying ../build/robot_urdf/robot_urdf.egg-info to /home/youssef/hosbot_wp/src/install/robot_urdf/lib/python3.12/site-packages/robot_urdf-0.0.0-py3.12.egg-info
[1.019s] running install_scripts
[1.138s] writing list of installed files to '/home/youssef/hosbot_wp/src/build/robot_urdf/install.log'
[1.172s] Invoked command in '/home/youssef/hosbot_wp/src/robot_urdf' returned '0': DEBUGINFOD_URLS=https://debuginfod.ubuntu.com PYTHONPATH=/home/youssef/hosbot_wp/src/build/robot_urdf/prefix_override:/usr/lib/python3/dist-packages/colcon_core/task/python/colcon_distutils_commands:/home/youssef/hosbot_wp/src/install/robot_urdf/lib/python3.12/site-packages:${PYTHONPATH} /usr/bin/python3 -W ignore:setup.py install is deprecated -W ignore:easy_install command is deprecated setup.py egg_info --egg-base ../build/robot_urdf build --build-base /home/youssef/hosbot_wp/src/build/robot_urdf/build install --record /home/youssef/hosbot_wp/src/build/robot_urdf/install.log --single-version-externally-managed install_data
