/home/hosbot/hosbot_wp/install/robot_urdf/lib/python3.12/site-packages/robot_urdf/__init__.py
/home/hosbot/hosbot_wp/install/robot_urdf/lib/python3.12/site-packages/robot_urdf/__pycache__/__init__.cpython-312.pyc
/home/hosbot/hosbot_wp/install/robot_urdf/share/ament_index/resource_index/packages/robot_urdf
/home/hosbot/hosbot_wp/install/robot_urdf/share/robot_urdf/package.xml
/home/hosbot/hosbot_wp/install/robot_urdf/share/robot_urdf/urdf/ultrasound_chassis.xacro
/home/hosbot/hosbot_wp/install/robot_urdf/share/robot_urdf/urdf/chassis.xacro
/home/hosbot/hosbot_wp/install/robot_urdf/share/robot_urdf/urdf/lidar.xacro
/home/hosbot/hosbot_wp/install/robot_urdf/share/robot_urdf/urdf/free_wheel.xacro
/home/hosbot/hosbot_wp/install/robot_urdf/share/robot_urdf/urdf/wheel.xacro
/home/hosbot/hosbot_wp/install/robot_urdf/share/robot_urdf/urdf/ultrasound_sensor.xacro
/home/hosbot/hosbot_wp/install/robot_urdf/share/robot_urdf/urdf/properties.xacro
/home/hosbot/hosbot_wp/install/robot_urdf/share/robot_urdf/urdf/robot.urdf.xacro
/home/hosbot/hosbot_wp/install/robot_urdf/share/robot_urdf/urdf/ultrasound_chassis_support.xacro
/home/hosbot/hosbot_wp/install/robot_urdf/share/robot_urdf/urdf/sheet.xacro
/home/hosbot/hosbot_wp/install/robot_urdf/share/robot_urdf/urdf/robot.urdf
/home/hosbot/hosbot_wp/install/robot_urdf/share/robot_urdf/urdf/robot_base.xacro
/home/hosbot/hosbot_wp/install/robot_urdf/lib/python3.12/site-packages/robot_urdf-0.0.0-py3.12.egg-info/dependency_links.txt
/home/hosbot/hosbot_wp/install/robot_urdf/lib/python3.12/site-packages/robot_urdf-0.0.0-py3.12.egg-info/zip-safe
/home/hosbot/hosbot_wp/install/robot_urdf/lib/python3.12/site-packages/robot_urdf-0.0.0-py3.12.egg-info/top_level.txt
/home/hosbot/hosbot_wp/install/robot_urdf/lib/python3.12/site-packages/robot_urdf-0.0.0-py3.12.egg-info/SOURCES.txt
/home/hosbot/hosbot_wp/install/robot_urdf/lib/python3.12/site-packages/robot_urdf-0.0.0-py3.12.egg-info/PKG-INFO
/home/hosbot/hosbot_wp/install/robot_urdf/lib/python3.12/site-packages/robot_urdf-0.0.0-py3.12.egg-info/requires.txt
