[0.015s] Invoking command in '/home/youssef/hosbot_wp/build/ldlidar_ros2': CMAKE_PREFIX_PATH=${CMAKE_PREFIX_PATH}:/home/youssef/hosbot_wp/install/robot_urdf:/home/youssef/ros2_wp/install/test_pkg:/opt/ros/jazzy DEBUGINFOD_URLS=https://debuginfod.ubuntu.com /usr/bin/cmake --build /home/youssef/hosbot_wp/build/ldlidar_ros2 -- -j16 -l16
[0.054s] -- Found ament_cmake: 2.5.5 (/opt/ros/jazzy/share/ament_cmake/cmake)
[0.295s] -- Found rclcpp: 28.1.16 (/opt/ros/jazzy/share/rclcpp/cmake)
[0.346s] -- Found rosidl_generator_c: 4.6.7 (/opt/ros/jazzy/share/rosidl_generator_c/cmake)
[0.354s] -- Found rosidl_generator_cpp: 4.6.7 (/opt/ros/jazzy/share/rosidl_generator_cpp/cmake)
[0.364s] -- Using all available rosidl_typesupport_c: rosidl_typesupport_fastrtps_c;rosidl_typesupport_introspection_c
[0.376s] -- Using all available rosidl_typesupport_cpp: rosidl_typesupport_fastrtps_cpp;rosidl_typesupport_introspection_cpp
[0.434s] -- Found rmw_implementation_cmake: 7.3.3 (/opt/ros/jazzy/share/rmw_implementation_cmake/cmake)
[0.435s] -- Found rmw_fastrtps_cpp: 8.4.3 (/opt/ros/jazzy/share/rmw_fastrtps_cpp/cmake)
[0.503s] -- Using RMW implementation 'rmw_fastrtps_cpp' as default
[0.562s] -- Found sensor_msgs: 5.3.6 (/opt/ros/jazzy/share/sensor_msgs/cmake)
[0.615s] -- Found ament_lint_auto: 0.17.4 (/opt/ros/jazzy/share/ament_lint_auto/cmake)
[0.708s] -- operation system is Linux-6.17.0-19-generic
[0.708s] -- current platform: Linux 
[0.713s] -- Added test 'copyright' to check source files copyright and LICENSE
[0.722s] -- Added test 'cppcheck' to perform static code analysis on C / C++ code
[0.722s] -- Configured cppcheck include dirs: /home/youssef/hosbot_wp/src/ldlidar_ros2/include;/home/youssef/hosbot_wp/src/ldlidar_ros2/sdk/include
[0.722s] -- Configured cppcheck exclude dirs and/or files: 
[0.731s] -- Added test 'cpplint' to check C / C++ code against the Google style
[0.732s] -- Configured cpplint exclude dirs and/or files: 
[0.733s] -- Added test 'flake8' to check Python code syntax and style conventions
[0.733s] -- Configured 'flake8' exclude dirs and/or files: 
[0.735s] -- Added test 'lint_cmake' to check CMake code style
[0.736s] -- Added test 'pep257' to check Python code against some of the docstring style conventions in PEP 257
[0.746s] -- Added test 'uncrustify' to check C / C++ code style
[0.746s] -- Configured uncrustify additional arguments: 
[0.747s] -- Added test 'xmllint' to check XML markup files
[0.748s] -- Configuring done (0.7s)
[0.761s] -- Generating done (0.0s)
[0.767s] -- Build files have been written to: /home/youssef/hosbot_wp/build/ldlidar_ros2
[0.830s] [ 84%] Built target ldlidar_driver
[0.887s] [100%] Built target ldlidar_ros2_node
[0.902s] Invoked command in '/home/youssef/hosbot_wp/build/ldlidar_ros2' returned '0': CMAKE_PREFIX_PATH=${CMAKE_PREFIX_PATH}:/home/youssef/hosbot_wp/install/robot_urdf:/home/youssef/ros2_wp/install/test_pkg:/opt/ros/jazzy DEBUGINFOD_URLS=https://debuginfod.ubuntu.com /usr/bin/cmake --build /home/youssef/hosbot_wp/build/ldlidar_ros2 -- -j16 -l16
[0.903s] Invoking command in '/home/youssef/hosbot_wp/build/ldlidar_ros2': CMAKE_PREFIX_PATH=${CMAKE_PREFIX_PATH}:/home/youssef/hosbot_wp/install/robot_urdf:/home/youssef/ros2_wp/install/test_pkg:/opt/ros/jazzy DEBUGINFOD_URLS=https://debuginfod.ubuntu.com /usr/bin/cmake --install /home/youssef/hosbot_wp/build/ldlidar_ros2
[0.912s] -- Install configuration: ""
[0.912s] -- Up-to-date: /home/youssef/hosbot_wp/install/ldlidar_ros2/lib/ldlidar_ros2/ldlidar_ros2_node
[0.912s] -- Up-to-date: /home/youssef/hosbot_wp/install/ldlidar_ros2/share/ldlidar_ros2//launch
[0.912s] -- Up-to-date: /home/youssef/hosbot_wp/install/ldlidar_ros2/share/ldlidar_ros2//launch/ld19.launch.py
[0.913s] -- Up-to-date: /home/youssef/hosbot_wp/install/ldlidar_ros2/share/ldlidar_ros2//launch/viewer_ld14.launch.py
[0.913s] -- Up-to-date: /home/youssef/hosbot_wp/install/ldlidar_ros2/share/ldlidar_ros2//launch/ld14.launch.py
[0.913s] -- Up-to-date: /home/youssef/hosbot_wp/install/ldlidar_ros2/share/ldlidar_ros2//launch/viewer_ld06.launch.py
[0.913s] -- Up-to-date: /home/youssef/hosbot_wp/install/ldlidar_ros2/share/ldlidar_ros2//launch/ld14p.launch.py
[0.913s] -- Up-to-date: /home/youssef/hosbot_wp/install/ldlidar_ros2/share/ldlidar_ros2//launch/viewer_ld14p.launch.py
[0.913s] -- Up-to-date: /home/youssef/hosbot_wp/install/ldlidar_ros2/share/ldlidar_ros2//launch/viewer_ld19.launch.py
[0.913s] -- Up-to-date: /home/youssef/hosbot_wp/install/ldlidar_ros2/share/ldlidar_ros2//launch/ld06.launch.py
[0.914s] -- Up-to-date: /home/youssef/hosbot_wp/install/ldlidar_ros2/share/ldlidar_ros2//rviz2
[0.914s] -- Up-to-date: /home/youssef/hosbot_wp/install/ldlidar_ros2/share/ldlidar_ros2//rviz2/ldlidar.rviz
[0.914s] -- Up-to-date: /home/youssef/hosbot_wp/install/ldlidar_ros2/share/ldlidar_ros2//scripts
[0.914s] -- Up-to-date: /home/youssef/hosbot_wp/install/ldlidar_ros2/share/ldlidar_ros2//scripts/create_udev_rules.sh
[0.914s] -- Up-to-date: /home/youssef/hosbot_wp/install/ldlidar_ros2/share/ldlidar_ros2//scripts/delete_udev_rules.sh
[0.914s] -- Up-to-date: /home/youssef/hosbot_wp/install/ldlidar_ros2/share/ldlidar_ros2//scripts/ldlidar.rules
[0.914s] -- Up-to-date: /home/youssef/hosbot_wp/install/ldlidar_ros2/share/ament_index/resource_index/package_run_dependencies/ldlidar_ros2
[0.914s] -- Installing: /home/youssef/hosbot_wp/install/ldlidar_ros2/share/ament_index/resource_index/parent_prefix_path/ldlidar_ros2
[0.914s] -- Up-to-date: /home/youssef/hosbot_wp/install/ldlidar_ros2/share/ldlidar_ros2/environment/ament_prefix_path.sh
[0.915s] -- Up-to-date: /home/youssef/hosbot_wp/install/ldlidar_ros2/share/ldlidar_ros2/environment/ament_prefix_path.dsv
[0.915s] -- Up-to-date: /home/youssef/hosbot_wp/install/ldlidar_ros2/share/ldlidar_ros2/environment/path.sh
[0.915s] -- Up-to-date: /home/youssef/hosbot_wp/install/ldlidar_ros2/share/ldlidar_ros2/environment/path.dsv
[0.915s] -- Up-to-date: /home/youssef/hosbot_wp/install/ldlidar_ros2/share/ldlidar_ros2/local_setup.bash
[0.915s] -- Up-to-date: /home/youssef/hosbot_wp/install/ldlidar_ros2/share/ldlidar_ros2/local_setup.sh
[0.915s] -- Up-to-date: /home/youssef/hosbot_wp/install/ldlidar_ros2/share/ldlidar_ros2/local_setup.zsh
[0.915s] -- Up-to-date: /home/youssef/hosbot_wp/install/ldlidar_ros2/share/ldlidar_ros2/local_setup.dsv
[0.915s] -- Installing: /home/youssef/hosbot_wp/install/ldlidar_ros2/share/ldlidar_ros2/package.dsv
[0.915s] -- Up-to-date: /home/youssef/hosbot_wp/install/ldlidar_ros2/share/ament_index/resource_index/packages/ldlidar_ros2
[0.916s] -- Up-to-date: /home/youssef/hosbot_wp/install/ldlidar_ros2/share/ldlidar_ros2/cmake/ldlidar_ros2Config.cmake
[0.916s] -- Up-to-date: /home/youssef/hosbot_wp/install/ldlidar_ros2/share/ldlidar_ros2/cmake/ldlidar_ros2Config-version.cmake
[0.916s] -- Up-to-date: /home/youssef/hosbot_wp/install/ldlidar_ros2/share/ldlidar_ros2/package.xml
[0.918s] Invoked command in '/home/youssef/hosbot_wp/build/ldlidar_ros2' returned '0': CMAKE_PREFIX_PATH=${CMAKE_PREFIX_PATH}:/home/youssef/hosbot_wp/install/robot_urdf:/home/youssef/ros2_wp/install/test_pkg:/opt/ros/jazzy DEBUGINFOD_URLS=https://debuginfod.ubuntu.com /usr/bin/cmake --install /home/youssef/hosbot_wp/build/ldlidar_ros2
