running egg_info
creating ../../build/hardware_pkg/hardware_pkg.egg-info
writing ../../build/hardware_pkg/hardware_pkg.egg-info/PKG-INFO
writing dependency_links to ../../build/hardware_pkg/hardware_pkg.egg-info/dependency_links.txt
writing entry points to ../../build/hardware_pkg/hardware_pkg.egg-info/entry_points.txt
writing requirements to ../../build/hardware_pkg/hardware_pkg.egg-info/requires.txt
writing top-level names to ../../build/hardware_pkg/hardware_pkg.egg-info/top_level.txt
writing manifest file '../../build/hardware_pkg/hardware_pkg.egg-info/SOURCES.txt'
reading manifest file '../../build/hardware_pkg/hardware_pkg.egg-info/SOURCES.txt'
writing manifest file '../../build/hardware_pkg/hardware_pkg.egg-info/SOURCES.txt'
running build
running build_py
creating /home/youssef/hosbot_wp/build/hardware_pkg/build
creating /home/youssef/hosbot_wp/build/hardware_pkg/build/lib
creating /home/youssef/hosbot_wp/build/hardware_pkg/build/lib/hardware_pkg
copying hardware_pkg/__init__.py -> /home/youssef/hosbot_wp/build/hardware_pkg/build/lib/hardware_pkg
copying hardware_pkg/motors_node.py -> /home/youssef/hosbot_wp/build/hardware_pkg/build/lib/hardware_pkg
running install
running install_lib
creating /home/youssef/hosbot_wp/install/hardware_pkg/lib/python3.12/site-packages/hardware_pkg
copying /home/youssef/hosbot_wp/build/hardware_pkg/build/lib/hardware_pkg/__init__.py -> /home/youssef/hosbot_wp/install/hardware_pkg/lib/python3.12/site-packages/hardware_pkg
copying /home/youssef/hosbot_wp/build/hardware_pkg/build/lib/hardware_pkg/motors_node.py -> /home/youssef/hosbot_wp/install/hardware_pkg/lib/python3.12/site-packages/hardware_pkg
byte-compiling /home/youssef/hosbot_wp/install/hardware_pkg/lib/python3.12/site-packages/hardware_pkg/__init__.py to __init__.cpython-312.pyc
byte-compiling /home/youssef/hosbot_wp/install/hardware_pkg/lib/python3.12/site-packages/hardware_pkg/motors_node.py to motors_node.cpython-312.pyc
running install_data
creating /home/youssef/hosbot_wp/install/hardware_pkg/share/ament_index
creating /home/youssef/hosbot_wp/install/hardware_pkg/share/ament_index/resource_index
creating /home/youssef/hosbot_wp/install/hardware_pkg/share/ament_index/resource_index/packages
copying resource/hardware_pkg -> /home/youssef/hosbot_wp/install/hardware_pkg/share/ament_index/resource_index/packages
copying package.xml -> /home/youssef/hosbot_wp/install/hardware_pkg/share/hardware_pkg
running install_egg_info
Copying ../../build/hardware_pkg/hardware_pkg.egg-info to /home/youssef/hosbot_wp/install/hardware_pkg/lib/python3.12/site-packages/hardware_pkg-0.0.0-py3.12.egg-info
running install_scripts
Installing motors_node script to /home/youssef/hosbot_wp/install/hardware_pkg/lib/hardware_pkg
writing list of installed files to '/home/youssef/hosbot_wp/build/hardware_pkg/install.log'
