[0.018s] Invoking command in '/home/youssef/hosbot_wp/build/launch_pack': CMAKE_PREFIX_PATH=${CMAKE_PREFIX_PATH}:/home/youssef/hosbot_wp/install/robot_urdf:/home/youssef/ros2_wp/install/test_pkg:/opt/ros/jazzy DEBUGINFOD_URLS=https://debuginfod.ubuntu.com /usr/bin/cmake --build /home/youssef/hosbot_wp/build/launch_pack -- -j16 -l16
[0.217s] Invoked command in '/home/youssef/hosbot_wp/build/launch_pack' returned '0': CMAKE_PREFIX_PATH=${CMAKE_PREFIX_PATH}:/home/youssef/hosbot_wp/install/robot_urdf:/home/youssef/ros2_wp/install/test_pkg:/opt/ros/jazzy DEBUGINFOD_URLS=https://debuginfod.ubuntu.com /usr/bin/cmake --build /home/youssef/hosbot_wp/build/launch_pack -- -j16 -l16
[0.235s] Invoking command in '/home/youssef/hosbot_wp/build/launch_pack': CMAKE_PREFIX_PATH=${CMAKE_PREFIX_PATH}:/home/youssef/hosbot_wp/install/robot_urdf:/home/youssef/ros2_wp/install/test_pkg:/opt/ros/jazzy DEBUGINFOD_URLS=https://debuginfod.ubuntu.com /usr/bin/cmake --install /home/youssef/hosbot_wp/build/launch_pack
[0.253s] -- Install configuration: ""
[0.253s] -- Up-to-date: /home/youssef/hosbot_wp/install/launch_pack/share/launch_pack/launch
[0.253s] -- Up-to-date: /home/youssef/hosbot_wp/install/launch_pack/share/launch_pack/launch/simulation.launch.py
[0.253s] -- Up-to-date: /home/youssef/hosbot_wp/install/launch_pack/share/launch_pack/launch/urdf.launch.py
[0.253s] -- Up-to-date: /home/youssef/hosbot_wp/install/launch_pack/share/ament_index/resource_index/package_run_dependencies/launch_pack
[0.253s] -- Up-to-date: /home/youssef/hosbot_wp/install/launch_pack/share/ament_index/resource_index/parent_prefix_path/launch_pack
[0.254s] -- Up-to-date: /home/youssef/hosbot_wp/install/launch_pack/share/launch_pack/environment/ament_prefix_path.sh
[0.254s] -- Up-to-date: /home/youssef/hosbot_wp/install/launch_pack/share/launch_pack/environment/ament_prefix_path.dsv
[0.254s] -- Up-to-date: /home/youssef/hosbot_wp/install/launch_pack/share/launch_pack/environment/path.sh
[0.254s] -- Up-to-date: /home/youssef/hosbot_wp/install/launch_pack/share/launch_pack/environment/path.dsv
[0.254s] -- Up-to-date: /home/youssef/hosbot_wp/install/launch_pack/share/launch_pack/local_setup.bash
[0.254s] -- Up-to-date: /home/youssef/hosbot_wp/install/launch_pack/share/launch_pack/local_setup.sh
[0.254s] -- Up-to-date: /home/youssef/hosbot_wp/install/launch_pack/share/launch_pack/local_setup.zsh
[0.255s] -- Up-to-date: /home/youssef/hosbot_wp/install/launch_pack/share/launch_pack/local_setup.dsv
[0.255s] -- Up-to-date: /home/youssef/hosbot_wp/install/launch_pack/share/launch_pack/package.dsv
[0.255s] -- Up-to-date: /home/youssef/hosbot_wp/install/launch_pack/share/ament_index/resource_index/packages/launch_pack
[0.255s] -- Up-to-date: /home/youssef/hosbot_wp/install/launch_pack/share/launch_pack/cmake/launch_packConfig.cmake
[0.255s] -- Up-to-date: /home/youssef/hosbot_wp/install/launch_pack/share/launch_pack/cmake/launch_packConfig-version.cmake
[0.255s] -- Up-to-date: /home/youssef/hosbot_wp/install/launch_pack/share/launch_pack/package.xml
[0.258s] Invoked command in '/home/youssef/hosbot_wp/build/launch_pack' returned '0': CMAKE_PREFIX_PATH=${CMAKE_PREFIX_PATH}:/home/youssef/hosbot_wp/install/robot_urdf:/home/youssef/ros2_wp/install/test_pkg:/opt/ros/jazzy DEBUGINFOD_URLS=https://debuginfod.ubuntu.com /usr/bin/cmake --install /home/youssef/hosbot_wp/build/launch_pack
