/home/youssef/hosbot_wp/install/hardware_pkg/lib/python3.12/site-packages/hardware_pkg/__init__.py
/home/youssef/hosbot_wp/install/hardware_pkg/lib/python3.12/site-packages/hardware_pkg/encoder_node.py
/home/youssef/hosbot_wp/install/hardware_pkg/lib/python3.12/site-packages/hardware_pkg/motors_node.py
/home/youssef/hosbot_wp/install/hardware_pkg/lib/python3.12/site-packages/hardware_pkg/keyboard_controller.py
/home/youssef/hosbot_wp/install/hardware_pkg/lib/python3.12/site-packages/hardware_pkg/__pycache__/__init__.cpython-312.pyc
/home/youssef/hosbot_wp/install/hardware_pkg/lib/python3.12/site-packages/hardware_pkg/__pycache__/encoder_node.cpython-312.pyc
/home/youssef/hosbot_wp/install/hardware_pkg/lib/python3.12/site-packages/hardware_pkg/__pycache__/motors_node.cpython-312.pyc
/home/youssef/hosbot_wp/install/hardware_pkg/lib/python3.12/site-packages/hardware_pkg/__pycache__/keyboard_controller.cpython-312.pyc
/home/youssef/hosbot_wp/install/hardware_pkg/share/ament_index/resource_index/packages/hardware_pkg
/home/youssef/hosbot_wp/install/hardware_pkg/share/hardware_pkg/package.xml
/home/youssef/hosbot_wp/install/hardware_pkg/share/hardware_pkg/config/params.yaml
/home/youssef/hosbot_wp/install/hardware_pkg/lib/python3.12/site-packages/hardware_pkg-0.0.0-py3.12.egg-info/zip-safe
/home/youssef/hosbot_wp/install/hardware_pkg/lib/python3.12/site-packages/hardware_pkg-0.0.0-py3.12.egg-info/SOURCES.txt
/home/youssef/hosbot_wp/install/hardware_pkg/lib/python3.12/site-packages/hardware_pkg-0.0.0-py3.12.egg-info/dependency_links.txt
/home/youssef/hosbot_wp/install/hardware_pkg/lib/python3.12/site-packages/hardware_pkg-0.0.0-py3.12.egg-info/top_level.txt
/home/youssef/hosbot_wp/install/hardware_pkg/lib/python3.12/site-packages/hardware_pkg-0.0.0-py3.12.egg-info/entry_points.txt
/home/youssef/hosbot_wp/install/hardware_pkg/lib/python3.12/site-packages/hardware_pkg-0.0.0-py3.12.egg-info/requires.txt
/home/youssef/hosbot_wp/install/hardware_pkg/lib/python3.12/site-packages/hardware_pkg-0.0.0-py3.12.egg-info/PKG-INFO
/home/youssef/hosbot_wp/install/hardware_pkg/lib/hardware_pkg/encoder_node
/home/youssef/hosbot_wp/install/hardware_pkg/lib/hardware_pkg/keyboard_controller_node
/home/youssef/hosbot_wp/install/hardware_pkg/lib/hardware_pkg/motors_node
