[0.733s] Invoking command in '/home/youssef/hosbot_wp/src/robot_urdf': DEBUGINFOD_URLS=https://debuginfod.ubuntu.com PYTHONPATH=/home/youssef/hosbot_wp/src/build/robot_urdf/prefix_override:/usr/lib/python3/dist-packages/colcon_core/task/python/colcon_distutils_commands:/home/youssef/hosbot_wp/src/install/robot_urdf/lib/python3.12/site-packages:${PYTHONPATH} /usr/bin/python3 -W ignore:setup.py install is deprecated -W ignore:easy_install command is deprecated setup.py egg_info --egg-base ../build/robot_urdf build --build-base /home/youssef/hosbot_wp/src/build/robot_urdf/build install --record /home/youssef/hosbot_wp/src/build/robot_urdf/install.log --single-version-externally-managed install_data
[0.961s] running egg_info
[0.978s] writing ../build/robot_urdf/robot_urdf.egg-info/PKG-INFO
[0.979s] writing dependency_links to ../build/robot_urdf/robot_urdf.egg-info/dependency_links.txt
[0.979s] writing requirements to ../build/robot_urdf/robot_urdf.egg-info/requires.txt
[0.979s] writing top-level names to ../build/robot_urdf/robot_urdf.egg-info/top_level.txt
[1.013s] reading manifest file '../build/robot_urdf/robot_urdf.egg-info/SOURCES.txt'
[1.014s] writing manifest file '../build/robot_urdf/robot_urdf.egg-info/SOURCES.txt'
[1.014s] running build
[1.014s] running build_py
[1.015s] running install
[1.020s] running install_lib
[1.037s] running install_data
[1.037s] copying urdf/ultrasound_chassis.xacro -> /home/youssef/hosbot_wp/src/install/robot_urdf/share/robot_urdf/urdf
[1.037s] running install_egg_info
[1.055s] removing '/home/youssef/hosbot_wp/src/install/robot_urdf/lib/python3.12/site-packages/robot_urdf-0.0.0-py3.12.egg-info' (and everything under it)
[1.055s] Copying ../build/robot_urdf/robot_urdf.egg-info to /home/youssef/hosbot_wp/src/install/robot_urdf/lib/python3.12/site-packages/robot_urdf-0.0.0-py3.12.egg-info
[1.056s] running install_scripts
[1.167s] writing list of installed files to '/home/youssef/hosbot_wp/src/build/robot_urdf/install.log'
[1.199s] Invoked command in '/home/youssef/hosbot_wp/src/robot_urdf' returned '0': DEBUGINFOD_URLS=https://debuginfod.ubuntu.com PYTHONPATH=/home/youssef/hosbot_wp/src/build/robot_urdf/prefix_override:/usr/lib/python3/dist-packages/colcon_core/task/python/colcon_distutils_commands:/home/youssef/hosbot_wp/src/install/robot_urdf/lib/python3.12/site-packages:${PYTHONPATH} /usr/bin/python3 -W ignore:setup.py install is deprecated -W ignore:easy_install command is deprecated setup.py egg_info --egg-base ../build/robot_urdf build --build-base /home/youssef/hosbot_wp/src/build/robot_urdf/build install --record /home/youssef/hosbot_wp/src/build/robot_urdf/install.log --single-version-externally-managed install_data
